11:32:23.185 INFO  Loading commands... 
11:32:23.209 DEBUG Skipping slash command avatar. Disabled! 
11:32:23.210 DEBUG Skipping slash command botinvite. Disabled! 
11:32:23.234 DEBUG Skipping slash command botstats. Disabled! 
11:32:23.235 DEBUG Skipping slash command channelinfo. Disabled! 
11:32:23.236 DEBUG Skipping slash command emojiinfo. Disabled! 
11:32:23.238 DEBUG Skipping slash command guildinfo. Disabled! 
11:32:23.239 DEBUG Skipping slash command uptime. Disabled! 
11:32:23.240 DEBUG Skipping slash command userinfo. Disabled! 
11:32:23.242 DEBUG Skipping command bot. Disabled! 
11:32:23.243 DEBUG Skipping command info. Disabled! 
11:32:23.245 DEBUG Skipping slash command deafen. Disabled! 
11:32:23.246 DEBUG Skipping slash command disconnect. Disabled! 
11:32:23.247 DEBUG Skipping slash command move. Disabled! 
11:32:23.248 DEBUG Skipping slash command purge. Disabled! 
11:32:23.249 DEBUG Skipping slash command purgeattach. Disabled! 
11:32:23.249 DEBUG Skipping slash command purgebots. Disabled! 
11:32:23.250 DEBUG Skipping slash command purgelinks. Disabled! 
11:32:23.250 DEBUG Skipping slash command purgetoken. Disabled! 
11:32:23.251 DEBUG Skipping slash command purgeuser. Disabled! 
11:32:23.253 DEBUG Skipping command purge. Disabled! 
11:32:23.253 DEBUG Skipping command voice. Disabled! 
11:32:23.255 DEBUG Skipping slash command undeafen. Disabled! 
11:32:23.257 DEBUG Skipping slash command vmute. Disabled! 
11:32:23.257 DEBUG Skipping slash command vunmute. Disabled! 
11:32:23.259 INFO  Loaded 54 commands 
11:32:23.260 INFO  Loaded 38 slash commands 
11:32:23.260 INFO  Loading contexts... 
11:32:23.261 INFO  Loaded 2 USER contexts 
11:32:23.262 INFO  Loaded 0 MESSAGE contexts 
11:32:23.262 INFO  Loading events... 
11:32:23.274 INFO  Loaded 15 events. Success (15) Failed (0) 
11:32:23.274 INFO  Validating config.js and environment variables 
11:32:23.275 INFO  Connecting to MongoDb... 
11:32:24.111 INFO  Mongoose: Database connection established 
11:32:25.125 INFO  Logged in as ∙ xdbl.dev#5226! (758776071268859946) 
11:32:25.125 INFO  Initializing music manager 
11:32:25.125 INFO  Initializing giveaways manager 
11:32:26.126 INFO  Successfully registered slash commands 
11:33:25.248 INFO  Guild Joined: ∙ Axo's Vault Members: 15 
11:38:13.457 INFO  Loading commands... 
11:38:13.482 DEBUG Skipping slash command avatar. Disabled! 
11:38:13.483 DEBUG Skipping slash command botinvite. Disabled! 
11:38:13.508 DEBUG Skipping slash command botstats. Disabled! 
11:38:13.509 DEBUG Skipping slash command channelinfo. Disabled! 
11:38:13.509 DEBUG Skipping slash command emojiinfo. Disabled! 
11:38:13.510 DEBUG Skipping slash command guildinfo. Disabled! 
11:38:13.511 DEBUG Skipping slash command uptime. Disabled! 
11:38:13.512 DEBUG Skipping slash command userinfo. Disabled! 
11:38:13.514 DEBUG Skipping command bot. Disabled! 
11:38:13.514 DEBUG Skipping command info. Disabled! 
11:38:13.517 DEBUG Skipping slash command deafen. Disabled! 
11:38:13.518 DEBUG Skipping slash command disconnect. Disabled! 
11:38:13.519 DEBUG Skipping slash command move. Disabled! 
11:38:13.519 DEBUG Skipping slash command purge. Disabled! 
11:38:13.520 DEBUG Skipping slash command purgeattach. Disabled! 
11:38:13.520 DEBUG Skipping slash command purgebots. Disabled! 
11:38:13.521 DEBUG Skipping slash command purgelinks. Disabled! 
11:38:13.521 DEBUG Skipping slash command purgetoken. Disabled! 
11:38:13.522 DEBUG Skipping slash command purgeuser. Disabled! 
11:38:13.523 DEBUG Skipping command purge. Disabled! 
11:38:13.524 DEBUG Skipping command voice. Disabled! 
11:38:13.525 DEBUG Skipping slash command undeafen. Disabled! 
11:38:13.526 DEBUG Skipping slash command vmute. Disabled! 
11:38:13.527 DEBUG Skipping slash command vunmute. Disabled! 
11:38:13.528 INFO  Loaded 54 commands 
11:38:13.529 INFO  Loaded 38 slash commands 
11:38:13.529 INFO  Loading contexts... 
11:38:13.531 INFO  Loaded 2 USER contexts 
11:38:13.531 INFO  Loaded 0 MESSAGE contexts 
11:38:13.532 INFO  Loading events... 
11:38:13.543 INFO  Loaded 15 events. Success (15) Failed (0) 
11:38:13.544 INFO  Validating config.js and environment variables 
11:38:13.544 INFO  Connecting to MongoDb... 
11:38:14.236 INFO  Mongoose: Database connection established 
11:38:15.309 INFO  Logged in as ﹒xdbl.dev#5226! (758776071268859946) 
11:38:16.283 INFO  Successfully registered slash commands 
11:40:05.570 INFO  Loading commands... 
11:40:05.592 DEBUG Skipping slash command avatar. Disabled! 
11:40:05.593 DEBUG Skipping slash command botinvite. Disabled! 
11:40:05.617 DEBUG Skipping slash command botstats. Disabled! 
11:40:05.618 DEBUG Skipping slash command channelinfo. Disabled! 
11:40:05.619 DEBUG Skipping slash command emojiinfo. Disabled! 
11:40:05.619 DEBUG Skipping slash command guildinfo. Disabled! 
11:40:05.620 DEBUG Skipping slash command uptime. Disabled! 
11:40:05.621 DEBUG Skipping slash command userinfo. Disabled! 
11:40:05.623 DEBUG Skipping command bot. Disabled! 
11:40:05.623 DEBUG Skipping command info. Disabled! 
11:40:05.625 DEBUG Skipping slash command deafen. Disabled! 
11:40:05.626 DEBUG Skipping slash command disconnect. Disabled! 
11:40:05.627 DEBUG Skipping slash command move. Disabled! 
11:40:05.628 DEBUG Skipping slash command purge. Disabled! 
11:40:05.628 DEBUG Skipping slash command purgeattach. Disabled! 
11:40:05.629 DEBUG Skipping slash command purgebots. Disabled! 
11:40:05.629 DEBUG Skipping slash command purgelinks. Disabled! 
11:40:05.630 DEBUG Skipping slash command purgetoken. Disabled! 
11:40:05.630 DEBUG Skipping slash command purgeuser. Disabled! 
11:40:05.631 DEBUG Skipping command purge. Disabled! 
11:40:05.632 DEBUG Skipping command voice. Disabled! 
11:40:05.633 DEBUG Skipping slash command undeafen. Disabled! 
11:40:05.634 DEBUG Skipping slash command vmute. Disabled! 
11:40:05.635 DEBUG Skipping slash command vunmute. Disabled! 
11:40:05.636 INFO  Loaded 54 commands 
11:40:05.637 INFO  Loaded 38 slash commands 
11:40:05.637 INFO  Loading contexts... 
11:40:05.639 INFO  Loaded 2 USER contexts 
11:40:05.639 INFO  Loaded 0 MESSAGE contexts 
11:40:05.639 INFO  Loading events... 
11:40:05.650 INFO  Loaded 15 events. Success (15) Failed (0) 
11:40:05.650 INFO  Validating config.js and environment variables 
11:40:05.650 INFO  Connecting to MongoDb... 
11:40:06.454 INFO  Mongoose: Database connection established 
11:40:07.645 INFO  Logged in as ﹒xdbl.dev#5226! (758776071268859946) 
11:40:08.251 INFO  Successfully registered slash commands 
11:40:27.724 INFO  Loading commands... 
11:40:27.746 DEBUG Skipping slash command avatar. Disabled! 
11:40:27.747 DEBUG Skipping slash command botinvite. Disabled! 
11:40:27.771 DEBUG Skipping slash command botstats. Disabled! 
11:40:27.772 DEBUG Skipping slash command channelinfo. Disabled! 
11:40:27.772 DEBUG Skipping slash command emojiinfo. Disabled! 
11:40:27.773 DEBUG Skipping slash command guildinfo. Disabled! 
11:40:27.774 DEBUG Skipping slash command uptime. Disabled! 
11:40:27.774 DEBUG Skipping slash command userinfo. Disabled! 
11:40:27.776 DEBUG Skipping command bot. Disabled! 
11:40:27.777 DEBUG Skipping command info. Disabled! 
11:40:27.779 DEBUG Skipping slash command deafen. Disabled! 
11:40:27.780 DEBUG Skipping slash command disconnect. Disabled! 
11:40:27.781 DEBUG Skipping slash command move. Disabled! 
11:40:27.782 DEBUG Skipping slash command purge. Disabled! 
11:40:27.782 DEBUG Skipping slash command purgeattach. Disabled! 
11:40:27.782 DEBUG Skipping slash command purgebots. Disabled! 
11:40:27.783 DEBUG Skipping slash command purgelinks. Disabled! 
11:40:27.783 DEBUG Skipping slash command purgetoken. Disabled! 
11:40:27.784 DEBUG Skipping slash command purgeuser. Disabled! 
11:40:27.785 DEBUG Skipping command purge. Disabled! 
11:40:27.786 DEBUG Skipping command voice. Disabled! 
11:40:27.787 DEBUG Skipping slash command undeafen. Disabled! 
11:40:27.788 DEBUG Skipping slash command vmute. Disabled! 
11:40:27.788 DEBUG Skipping slash command vunmute. Disabled! 
11:40:27.790 INFO  Loaded 54 commands 
11:40:27.790 INFO  Loaded 38 slash commands 
11:40:27.791 INFO  Loading contexts... 
11:40:27.792 INFO  Loaded 2 USER contexts 
11:40:27.792 INFO  Loaded 0 MESSAGE contexts 
11:40:27.793 INFO  Loading events... 
11:40:27.804 INFO  Loaded 15 events. Success (15) Failed (0) 
11:40:27.804 INFO  Validating config.js and environment variables 
11:40:27.804 INFO  Connecting to MongoDb... 
11:40:28.474 INFO  Mongoose: Database connection established 
11:40:29.564 INFO  Logged in as ﹒xdbl.dev#5226! (758776071268859946) 
11:40:30.370 INFO  Successfully registered slash commands 
11:42:05.800 INFO  Loading commands... 
11:42:05.824 DEBUG Skipping slash command avatar. Disabled! 
11:42:05.824 DEBUG Skipping slash command botinvite. Disabled! 
11:42:05.848 DEBUG Skipping slash command botstats. Disabled! 
11:42:05.849 DEBUG Skipping slash command channelinfo. Disabled! 
11:42:05.850 DEBUG Skipping slash command emojiinfo. Disabled! 
11:42:05.851 DEBUG Skipping slash command guildinfo. Disabled! 
11:42:05.851 DEBUG Skipping slash command uptime. Disabled! 
11:42:05.852 DEBUG Skipping slash command userinfo. Disabled! 
11:42:05.854 DEBUG Skipping command bot. Disabled! 
11:42:05.854 DEBUG Skipping command info. Disabled! 
11:42:05.857 DEBUG Skipping slash command deafen. Disabled! 
11:42:05.857 DEBUG Skipping slash command disconnect. Disabled! 
11:42:05.859 DEBUG Skipping slash command move. Disabled! 
11:42:05.859 DEBUG Skipping slash command purge. Disabled! 
11:42:05.860 DEBUG Skipping slash command purgeattach. Disabled! 
11:42:05.860 DEBUG Skipping slash command purgebots. Disabled! 
11:42:05.861 DEBUG Skipping slash command purgelinks. Disabled! 
11:42:05.861 DEBUG Skipping slash command purgetoken. Disabled! 
11:42:05.861 DEBUG Skipping slash command purgeuser. Disabled! 
11:42:05.863 DEBUG Skipping command purge. Disabled! 
11:42:05.864 DEBUG Skipping command voice. Disabled! 
11:42:05.865 DEBUG Skipping slash command undeafen. Disabled! 
11:42:05.866 DEBUG Skipping slash command vmute. Disabled! 
11:42:05.867 DEBUG Skipping slash command vunmute. Disabled! 
11:42:05.869 INFO  Loaded 54 commands 
11:42:05.869 INFO  Loaded 38 slash commands 
11:42:05.870 INFO  Loading contexts... 
11:42:05.872 INFO  Loaded 2 USER contexts 
11:42:05.872 INFO  Loaded 0 MESSAGE contexts 
11:42:05.872 INFO  Loading events... 
11:42:05.883 INFO  Loaded 15 events. Success (15) Failed (0) 
11:42:05.884 INFO  Validating config.js and environment variables 
11:42:05.884 INFO  Connecting to MongoDb... 
11:42:06.620 INFO  Mongoose: Database connection established 
11:42:07.621 INFO  Logged in as ﹒xdbl.dev#5226! (758776071268859946) 
11:42:08.475 INFO  Successfully registered slash commands 
11:47:28.886 INFO  Loading commands... 
11:47:28.908 DEBUG Skipping slash command avatar. Disabled! 
11:47:28.909 DEBUG Skipping slash command botinvite. Disabled! 
11:47:28.933 DEBUG Skipping slash command botstats. Disabled! 
11:47:28.934 DEBUG Skipping slash command channelinfo. Disabled! 
11:47:28.934 DEBUG Skipping slash command emojiinfo. Disabled! 
11:47:28.935 DEBUG Skipping slash command guildinfo. Disabled! 
11:47:28.936 DEBUG Skipping slash command uptime. Disabled! 
11:47:28.936 DEBUG Skipping slash command userinfo. Disabled! 
11:47:28.939 DEBUG Skipping command bot. Disabled! 
11:47:28.939 DEBUG Skipping command info. Disabled! 
11:47:28.942 DEBUG Skipping slash command deafen. Disabled! 
11:47:28.943 DEBUG Skipping slash command disconnect. Disabled! 
11:47:28.945 DEBUG Skipping slash command move. Disabled! 
11:47:28.946 DEBUG Skipping slash command purge. Disabled! 
11:47:28.946 DEBUG Skipping slash command purgeattach. Disabled! 
11:47:28.947 DEBUG Skipping slash command purgebots. Disabled! 
11:47:28.947 DEBUG Skipping slash command purgelinks. Disabled! 
11:47:28.948 DEBUG Skipping slash command purgetoken. Disabled! 
11:47:28.948 DEBUG Skipping slash command purgeuser. Disabled! 
11:47:28.950 DEBUG Skipping command purge. Disabled! 
11:47:28.950 DEBUG Skipping command voice. Disabled! 
11:47:28.952 DEBUG Skipping slash command undeafen. Disabled! 
11:47:28.953 DEBUG Skipping slash command vmute. Disabled! 
11:47:28.953 DEBUG Skipping slash command vunmute. Disabled! 
11:47:28.955 INFO  Loaded 54 commands 
11:47:28.955 INFO  Loaded 38 slash commands 
11:47:28.956 INFO  Loading contexts... 
11:47:28.957 INFO  Loaded 2 USER contexts 
11:47:28.958 INFO  Loaded 0 MESSAGE contexts 
11:47:28.958 INFO  Loading events... 
11:47:28.970 INFO  Loaded 15 events. Success (15) Failed (0) 
11:47:28.970 INFO  Validating config.js and environment variables 
11:47:28.970 INFO  Connecting to MongoDb... 
11:47:29.592 INFO  Mongoose: Database connection established 
11:47:30.639 INFO  Logged in as ﹒xdbl.dev#5226! (758776071268859946) 
11:47:31.187 INFO  Successfully registered slash commands 
11:47:34.959 ERROR (intermediate value).customId is not a function
{}
TypeError: (intermediate value).customId is not a function
    at module.exports (C:\Users\Jasper\Projects\xdbl.dev\bot\src\events\interactions\interactionCreate.js:63:29)
    at process.processTicksAndRejections (node:internal/process/task_queues:95:5) 
11:48:26.714 INFO  Loading commands... 
11:48:26.738 DEBUG Skipping slash command avatar. Disabled! 
11:48:26.739 DEBUG Skipping slash command botinvite. Disabled! 
11:48:26.762 DEBUG Skipping slash command botstats. Disabled! 
11:48:26.763 DEBUG Skipping slash command channelinfo. Disabled! 
11:48:26.764 DEBUG Skipping slash command emojiinfo. Disabled! 
11:48:26.765 DEBUG Skipping slash command guildinfo. Disabled! 
11:48:26.765 DEBUG Skipping slash command uptime. Disabled! 
11:48:26.766 DEBUG Skipping slash command userinfo. Disabled! 
11:48:26.768 DEBUG Skipping command bot. Disabled! 
11:48:26.769 DEBUG Skipping command info. Disabled! 
11:48:26.771 DEBUG Skipping slash command deafen. Disabled! 
11:48:26.772 DEBUG Skipping slash command disconnect. Disabled! 
11:48:26.773 DEBUG Skipping slash command move. Disabled! 
11:48:26.773 DEBUG Skipping slash command purge. Disabled! 
11:48:26.774 DEBUG Skipping slash command purgeattach. Disabled! 
11:48:26.774 DEBUG Skipping slash command purgebots. Disabled! 
11:48:26.775 DEBUG Skipping slash command purgelinks. Disabled! 
11:48:26.775 DEBUG Skipping slash command purgetoken. Disabled! 
11:48:26.775 DEBUG Skipping slash command purgeuser. Disabled! 
11:48:26.777 DEBUG Skipping command purge. Disabled! 
11:48:26.777 DEBUG Skipping command voice. Disabled! 
11:48:26.779 DEBUG Skipping slash command undeafen. Disabled! 
11:48:26.780 DEBUG Skipping slash command vmute. Disabled! 
11:48:26.780 DEBUG Skipping slash command vunmute. Disabled! 
11:48:26.782 INFO  Loaded 54 commands 
11:48:26.782 INFO  Loaded 38 slash commands 
11:48:26.782 INFO  Loading contexts... 
11:48:26.784 INFO  Loaded 2 USER contexts 
11:48:26.784 INFO  Loaded 0 MESSAGE contexts 
11:48:26.784 INFO  Loading events... 
11:48:26.796 INFO  Loaded 15 events. Success (15) Failed (0) 
11:48:26.796 INFO  Validating config.js and environment variables 
11:48:26.797 INFO  Connecting to MongoDb... 
11:48:27.668 INFO  Mongoose: Database connection established 
11:48:28.682 INFO  Logged in as ﹒xdbl.dev#5226! (758776071268859946) 
11:48:29.288 INFO  Successfully registered slash commands 
12:01:20.056 INFO  Loading commands... 
12:01:20.076 DEBUG Skipping slash command avatar. Disabled! 
12:01:20.077 DEBUG Skipping slash command botinvite. Disabled! 
12:01:20.104 DEBUG Skipping slash command botstats. Disabled! 
12:01:20.105 DEBUG Skipping slash command channelinfo. Disabled! 
12:01:20.105 DEBUG Skipping slash command emojiinfo. Disabled! 
12:01:20.106 DEBUG Skipping slash command guildinfo. Disabled! 
12:01:20.107 DEBUG Skipping slash command uptime. Disabled! 
12:01:20.107 DEBUG Skipping slash command userinfo. Disabled! 
12:01:20.109 DEBUG Skipping command bot. Disabled! 
12:01:20.110 DEBUG Skipping command info. Disabled! 
12:01:20.112 DEBUG Skipping slash command deafen. Disabled! 
12:01:20.113 DEBUG Skipping slash command disconnect. Disabled! 
12:01:20.114 DEBUG Skipping slash command move. Disabled! 
12:01:20.115 DEBUG Skipping slash command purge. Disabled! 
12:01:20.115 DEBUG Skipping slash command purgeattach. Disabled! 
12:01:20.116 DEBUG Skipping slash command purgebots. Disabled! 
12:01:20.116 DEBUG Skipping slash command purgelinks. Disabled! 
12:01:20.116 DEBUG Skipping slash command purgetoken. Disabled! 
12:01:20.117 DEBUG Skipping slash command purgeuser. Disabled! 
12:01:20.118 DEBUG Skipping command purge. Disabled! 
12:01:20.119 DEBUG Skipping command voice. Disabled! 
12:01:20.120 DEBUG Skipping slash command undeafen. Disabled! 
12:01:20.121 DEBUG Skipping slash command vmute. Disabled! 
12:01:20.121 DEBUG Skipping slash command vunmute. Disabled! 
12:01:20.123 INFO  Loaded 54 commands 
12:01:20.123 INFO  Loaded 38 slash commands 
12:01:20.124 INFO  Loading contexts... 
12:01:20.125 INFO  Loaded 2 USER contexts 
12:01:20.125 INFO  Loaded 0 MESSAGE contexts 
12:01:20.126 INFO  Loading events... 
12:01:20.146 INFO  Loaded 15 events. Success (15) Failed (0) 
12:01:20.146 INFO  Validating config.js and environment variables 
12:01:20.146 INFO  Connecting to MongoDb... 
12:01:21.120 INFO  Mongoose: Database connection established 
12:01:22.340 INFO  Logged in as ﹒xdbl.dev#5226! (758776071268859946) 
12:01:23.115 INFO  Successfully registered slash commands 
12:01:30.935 ERROR Invalid Form Body
components[0].components: Must be between 1 and 1521 in length.
{"name":"DiscordAPIError","message":"Invalid Form Body\ncomponents[0].components: Must be between 1 and 1521 in length.","method":"post","path":"/webhooks/758776071268859946/aW50ZXJhY3Rpb246MTEyNzE3NzYzNTQ5MjAwNzk3NjpNQkZZWmw2TFNiM2hkY1QwMzBxU1JXRnlOeHBNQWhDSFdxc1UyWFF5eDlNa3U0Q3htdm52dlZoREk5OVpJVVlTOGhkMFRBbGtVaFBHcU5ibFAxYmQxeElNZ1BaYTRtSWRLcXFjVlltaWJzcTFNUTVlWHJIUVJvUXhiYzI5OFFIYg?wait=true","code":50035,"httpStatus":400,"requestData":{"json":{"content":"Lovely to see you show interest in my commissions!\nYou can commission a lot of different things, such as custom clothing in unturned mods, custom mods themselves & discord bot's.\n\nWhat are you interested in?","tts":false,"components":[{"components":[],"type":1}],"allowed_mentions":{"replied_user":false}},"files":[]}}
DiscordAPIError: Invalid Form Body
components[0].components: Must be between 1 and 1521 in length.
    at RequestHandler.execute (C:\Users\Jasper\Projects\xdbl.dev\bot\node_modules\discord.js\src\rest\RequestHandler.js:350:13)
    at process.processTicksAndRejections (node:internal/process/task_queues:95:5)
    at async RequestHandler.push (C:\Users\Jasper\Projects\xdbl.dev\bot\node_modules\discord.js\src\rest\RequestHandler.js:51:14)
    at async InteractionWebhook.send (C:\Users\Jasper\Projects\xdbl.dev\bot\node_modules\discord.js\src\structures\Webhook.js:195:15)
    at async module.exports (C:\Users\Jasper\Projects\xdbl.dev\bot\src\events\interactions\interactionCreate.js:81:7) 
12:02:30.210 INFO  Loading commands... 
12:02:30.231 DEBUG Skipping slash command avatar. Disabled! 
12:02:30.233 DEBUG Skipping slash command botinvite. Disabled! 
12:02:30.259 DEBUG Skipping slash command botstats. Disabled! 
12:02:30.260 DEBUG Skipping slash command channelinfo. Disabled! 
12:02:30.261 DEBUG Skipping slash command emojiinfo. Disabled! 
12:02:30.262 DEBUG Skipping slash command guildinfo. Disabled! 
12:02:30.262 DEBUG Skipping slash command uptime. Disabled! 
12:02:30.263 DEBUG Skipping slash command userinfo. Disabled! 
12:02:30.265 DEBUG Skipping command bot. Disabled! 
12:02:30.266 DEBUG Skipping command info. Disabled! 
12:02:30.268 DEBUG Skipping slash command deafen. Disabled! 
12:02:30.269 DEBUG Skipping slash command disconnect. Disabled! 
12:02:30.270 DEBUG Skipping slash command move. Disabled! 
12:02:30.271 DEBUG Skipping slash command purge. Disabled! 
12:02:30.271 DEBUG Skipping slash command purgeattach. Disabled! 
12:02:30.272 DEBUG Skipping slash command purgebots. Disabled! 
12:02:30.272 DEBUG Skipping slash command purgelinks. Disabled! 
12:02:30.272 DEBUG Skipping slash command purgetoken. Disabled! 
12:02:30.273 DEBUG Skipping slash command purgeuser. Disabled! 
12:02:30.274 DEBUG Skipping command purge. Disabled! 
12:02:30.275 DEBUG Skipping command voice. Disabled! 
12:02:30.276 DEBUG Skipping slash command undeafen. Disabled! 
12:02:30.277 DEBUG Skipping slash command vmute. Disabled! 
12:02:30.277 DEBUG Skipping slash command vunmute. Disabled! 
12:02:30.279 INFO  Loaded 54 commands 
12:02:30.279 INFO  Loaded 38 slash commands 
12:02:30.280 INFO  Loading contexts... 
12:02:30.281 INFO  Loaded 2 USER contexts 
12:02:30.281 INFO  Loaded 0 MESSAGE contexts 
12:02:30.282 INFO  Loading events... 
12:02:30.303 INFO  Loaded 15 events. Success (15) Failed (0) 
12:02:30.304 INFO  Validating config.js and environment variables 
12:02:30.304 INFO  Connecting to MongoDb... 
12:02:30.930 INFO  Mongoose: Database connection established 
12:02:31.913 INFO  Logged in as ﹒xdbl.dev#5226! (758776071268859946) 
12:02:32.526 INFO  Successfully registered slash commands 
12:03:35.010 ERROR Invalid Form Body
components[0].components[0].style: This field is required
components[0].components[1].style: This field is required
{"name":"DiscordAPIError","message":"Invalid Form Body\ncomponents[0].components[0].style: This field is required\ncomponents[0].components[1].style: This field is required","method":"post","path":"/webhooks/758776071268859946/aW50ZXJhY3Rpb246MTEyNzE3ODE1MjQzOTk4NDIxMDpoekY2SUxFd0ZjaDBsamRSTXBVckNmYXlsWFhRNTlBVHBxaEE3VklHRmtUQkdISVRqNEFjUE0xT2dkc2ZUZ1U0Mmc2TjVqV1RFSXBPOUhLc3BwN2l6a3VaNGxUMGV3aXI5WlBTb2EzejhFOGRWMlJsOE1yVjNrekhvb0ZYV0g0Zg?wait=true","code":50035,"httpStatus":400,"requestData":{"json":{"content":"Lovely to see you show interest in my commissions!\nYou can commission a lot of different things, such as custom clothing in unturned mods, custom mods themselves & discord bot's.\n\nWhat are you interested in?","tts":false,"components":[{"components":[{"custom_id":"clothing","disabled":false,"emoji":null,"label":"custom clothing","type":2,"url":null},{"custom_id":"mod","disabled":false,"emoji":null,"label":"custom mod","type":2,"url":null}],"type":1}],"allowed_mentions":{"replied_user":false}},"files":[]}}
DiscordAPIError: Invalid Form Body
components[0].components[0].style: This field is required
components[0].components[1].style: This field is required
    at RequestHandler.execute (C:\Users\Jasper\Projects\xdbl.dev\bot\node_modules\discord.js\src\rest\RequestHandler.js:350:13)
    at process.processTicksAndRejections (node:internal/process/task_queues:95:5)
    at async RequestHandler.push (C:\Users\Jasper\Projects\xdbl.dev\bot\node_modules\discord.js\src\rest\RequestHandler.js:51:14)
    at async InteractionWebhook.send (C:\Users\Jasper\Projects\xdbl.dev\bot\node_modules\discord.js\src\structures\Webhook.js:195:15)
    at async module.exports (C:\Users\Jasper\Projects\xdbl.dev\bot\src\events\interactions\interactionCreate.js:82:7) 
12:04:36.043 INFO  Loading commands... 
12:04:36.063 DEBUG Skipping slash command avatar. Disabled! 
12:04:36.064 DEBUG Skipping slash command botinvite. Disabled! 
12:04:36.091 DEBUG Skipping slash command botstats. Disabled! 
12:04:36.092 DEBUG Skipping slash command channelinfo. Disabled! 
12:04:36.093 DEBUG Skipping slash command emojiinfo. Disabled! 
12:04:36.094 DEBUG Skipping slash command guildinfo. Disabled! 
12:04:36.094 DEBUG Skipping slash command uptime. Disabled! 
12:04:36.095 DEBUG Skipping slash command userinfo. Disabled! 
12:04:36.097 DEBUG Skipping command bot. Disabled! 
12:04:36.097 DEBUG Skipping command info. Disabled! 
12:04:36.099 DEBUG Skipping slash command deafen. Disabled! 
12:04:36.100 DEBUG Skipping slash command disconnect. Disabled! 
12:04:36.101 DEBUG Skipping slash command move. Disabled! 
12:04:36.102 DEBUG Skipping slash command purge. Disabled! 
12:04:36.102 DEBUG Skipping slash command purgeattach. Disabled! 
12:04:36.103 DEBUG Skipping slash command purgebots. Disabled! 
12:04:36.103 DEBUG Skipping slash command purgelinks. Disabled! 
12:04:36.104 DEBUG Skipping slash command purgetoken. Disabled! 
12:04:36.104 DEBUG Skipping slash command purgeuser. Disabled! 
12:04:36.105 DEBUG Skipping command purge. Disabled! 
12:04:36.106 DEBUG Skipping command voice. Disabled! 
12:04:36.107 DEBUG Skipping slash command undeafen. Disabled! 
12:04:36.108 DEBUG Skipping slash command vmute. Disabled! 
12:04:36.109 DEBUG Skipping slash command vunmute. Disabled! 
12:04:36.110 INFO  Loaded 54 commands 
12:04:36.111 INFO  Loaded 38 slash commands 
12:04:36.111 INFO  Loading contexts... 
12:04:36.112 INFO  Loaded 2 USER contexts 
12:04:36.112 INFO  Loaded 0 MESSAGE contexts 
12:04:36.113 INFO  Loading events... 
12:04:36.132 INFO  Loaded 15 events. Success (15) Failed (0) 
12:04:36.133 INFO  Validating config.js and environment variables 
12:04:36.133 INFO  Connecting to MongoDb... 
12:04:36.876 INFO  Mongoose: Database connection established 
12:04:37.956 INFO  Logged in as ﹒xdbl.dev#5226! (758776071268859946) 
12:04:38.721 INFO  Successfully registered slash commands 
12:11:39.908 INFO  Loading commands... 
12:11:39.927 DEBUG Skipping slash command avatar. Disabled! 
12:11:39.928 DEBUG Skipping slash command botinvite. Disabled! 
12:11:39.954 DEBUG Skipping slash command botstats. Disabled! 
12:11:39.955 DEBUG Skipping slash command channelinfo. Disabled! 
12:11:39.956 DEBUG Skipping slash command emojiinfo. Disabled! 
12:11:39.957 DEBUG Skipping slash command guildinfo. Disabled! 
12:11:39.957 DEBUG Skipping slash command uptime. Disabled! 
12:11:39.958 DEBUG Skipping slash command userinfo. Disabled! 
12:11:39.960 DEBUG Skipping command bot. Disabled! 
12:11:39.961 DEBUG Skipping command info. Disabled! 
12:11:39.963 DEBUG Skipping slash command deafen. Disabled! 
12:11:39.963 DEBUG Skipping slash command disconnect. Disabled! 
12:11:39.964 DEBUG Skipping slash command move. Disabled! 
12:11:39.965 DEBUG Skipping slash command purge. Disabled! 
12:11:39.965 DEBUG Skipping slash command purgeattach. Disabled! 
12:11:39.966 DEBUG Skipping slash command purgebots. Disabled! 
12:11:39.966 DEBUG Skipping slash command purgelinks. Disabled! 
12:11:39.967 DEBUG Skipping slash command purgetoken. Disabled! 
12:11:39.967 DEBUG Skipping slash command purgeuser. Disabled! 
12:11:39.968 DEBUG Skipping command purge. Disabled! 
12:11:39.969 DEBUG Skipping command voice. Disabled! 
12:11:39.970 DEBUG Skipping slash command undeafen. Disabled! 
12:11:39.971 DEBUG Skipping slash command vmute. Disabled! 
12:11:39.971 DEBUG Skipping slash command vunmute. Disabled! 
12:11:39.973 INFO  Loaded 54 commands 
12:11:39.973 INFO  Loaded 38 slash commands 
12:11:39.974 INFO  Loading contexts... 
12:11:39.976 INFO  Loaded 2 USER contexts 
12:11:39.976 INFO  Loaded 0 MESSAGE contexts 
12:11:39.976 INFO  Loading events... 
12:11:39.995 INFO  Loaded 15 events. Success (15) Failed (0) 
12:11:39.996 INFO  Validating config.js and environment variables 
12:11:39.996 INFO  Connecting to MongoDb... 
12:11:40.746 INFO  Mongoose: Database connection established 
12:11:41.840 INFO  Logged in as ﹒xdbl.dev#5226! (758776071268859946) 
12:11:43.654 INFO  Successfully registered slash commands 
12:13:15.474 INFO  Loading commands... 
12:13:15.494 DEBUG Skipping slash command avatar. Disabled! 
12:13:15.495 DEBUG Skipping slash command botinvite. Disabled! 
12:13:15.522 DEBUG Skipping slash command botstats. Disabled! 
12:13:15.523 DEBUG Skipping slash command channelinfo. Disabled! 
12:13:15.523 DEBUG Skipping slash command emojiinfo. Disabled! 
12:13:15.524 DEBUG Skipping slash command guildinfo. Disabled! 
12:13:15.525 DEBUG Skipping slash command uptime. Disabled! 
12:13:15.526 DEBUG Skipping slash command userinfo. Disabled! 
12:13:15.528 DEBUG Skipping command bot. Disabled! 
12:13:15.528 DEBUG Skipping command info. Disabled! 
12:13:15.530 DEBUG Skipping slash command deafen. Disabled! 
12:13:15.531 DEBUG Skipping slash command disconnect. Disabled! 
12:13:15.532 DEBUG Skipping slash command move. Disabled! 
12:13:15.533 DEBUG Skipping slash command purge. Disabled! 
12:13:15.534 DEBUG Skipping slash command purgeattach. Disabled! 
12:13:15.534 DEBUG Skipping slash command purgebots. Disabled! 
12:13:15.534 DEBUG Skipping slash command purgelinks. Disabled! 
12:13:15.535 DEBUG Skipping slash command purgetoken. Disabled! 
12:13:15.535 DEBUG Skipping slash command purgeuser. Disabled! 
12:13:15.537 DEBUG Skipping command purge. Disabled! 
12:13:15.537 DEBUG Skipping command voice. Disabled! 
12:13:15.539 DEBUG Skipping slash command undeafen. Disabled! 
12:13:15.539 DEBUG Skipping slash command vmute. Disabled! 
12:13:15.540 DEBUG Skipping slash command vunmute. Disabled! 
12:13:15.542 INFO  Loaded 54 commands 
12:13:15.542 INFO  Loaded 38 slash commands 
12:13:15.542 INFO  Loading contexts... 
12:13:15.544 INFO  Loaded 2 USER contexts 
12:13:15.544 INFO  Loaded 0 MESSAGE contexts 
12:13:15.544 INFO  Loading events... 
12:13:15.564 INFO  Loaded 15 events. Success (15) Failed (0) 
12:13:15.565 INFO  Validating config.js and environment variables 
12:13:15.565 INFO  Connecting to MongoDb... 
12:13:16.573 INFO  Mongoose: Database connection established 
12:13:17.690 INFO  Logged in as ﹒xdbl.dev#5226! (758776071268859946) 
12:13:18.642 INFO  Successfully registered slash commands 
12:16:36.442 INFO  Loading commands... 
12:16:36.462 DEBUG Skipping slash command avatar. Disabled! 
12:16:36.463 DEBUG Skipping slash command botinvite. Disabled! 
12:16:36.489 DEBUG Skipping slash command botstats. Disabled! 
12:16:36.490 DEBUG Skipping slash command channelinfo. Disabled! 
12:16:36.491 DEBUG Skipping slash command emojiinfo. Disabled! 
12:16:36.492 DEBUG Skipping slash command guildinfo. Disabled! 
12:16:36.492 DEBUG Skipping slash command uptime. Disabled! 
12:16:36.493 DEBUG Skipping slash command userinfo. Disabled! 
12:16:36.495 DEBUG Skipping command bot. Disabled! 
12:16:36.496 DEBUG Skipping command info. Disabled! 
12:16:36.498 DEBUG Skipping slash command deafen. Disabled! 
12:16:36.498 DEBUG Skipping slash command disconnect. Disabled! 
12:16:36.500 DEBUG Skipping slash command move. Disabled! 
12:16:36.500 DEBUG Skipping slash command purge. Disabled! 
12:16:36.501 DEBUG Skipping slash command purgeattach. Disabled! 
12:16:36.501 DEBUG Skipping slash command purgebots. Disabled! 
12:16:36.502 DEBUG Skipping slash command purgelinks. Disabled! 
12:16:36.502 DEBUG Skipping slash command purgetoken. Disabled! 
12:16:36.502 DEBUG Skipping slash command purgeuser. Disabled! 
12:16:36.504 DEBUG Skipping command purge. Disabled! 
12:16:36.504 DEBUG Skipping command voice. Disabled! 
12:16:36.505 DEBUG Skipping slash command undeafen. Disabled! 
12:16:36.506 DEBUG Skipping slash command vmute. Disabled! 
12:16:36.507 DEBUG Skipping slash command vunmute. Disabled! 
12:16:36.509 INFO  Loaded 54 commands 
12:16:36.509 INFO  Loaded 38 slash commands 
12:16:36.509 INFO  Loading contexts... 
12:16:36.511 INFO  Loaded 2 USER contexts 
12:16:36.511 INFO  Loaded 0 MESSAGE contexts 
12:16:36.512 INFO  Loading events... 
12:16:36.532 INFO  Loaded 15 events. Success (15) Failed (0) 
12:16:36.532 INFO  Validating config.js and environment variables 
12:16:36.532 INFO  Connecting to MongoDb... 
12:16:37.408 INFO  Mongoose: Database connection established 
12:16:38.399 INFO  Logged in as ﹒xdbl.dev#5226! (758776071268859946) 
12:16:39.102 INFO  Successfully registered slash commands 
12:16:41.782 ERROR Invalid Form Body
components[0].components[0].style: This field is required
components[0].components[1].style: This field is required
{"name":"DiscordAPIError","message":"Invalid Form Body\ncomponents[0].components[0].style: This field is required\ncomponents[0].components[1].style: This field is required","method":"post","path":"/webhooks/758776071268859946/aW50ZXJhY3Rpb246MTEyNzE4MTQ1NTIyNzkwMDAxNTpzQjRDTmRzWUluNDN1b0dFUUtadWZKWGkzdWNCTDFGZXZySzRUZ0NlUWtuRmdSb1BnTTNDbDhwVEJNV2oyTW5Sb1U3dzk4UndvNHRuOE0waEZhRmxDYURjYzdORlVscWc3MnloOXVhcGNPT3A1MUpEb0IwYmR3c2hlZDY0ZDhDSg?wait=true","code":50035,"httpStatus":400,"requestData":{"json":{"content":"Lovely to see you show interest in my commissions!\nYou can commission a lot of different things, such as custom clothing in unturned mods, custom mods themselves & discord bot's.\n\nWhat are you interested in?","tts":false,"components":[{"components":[{"custom_id":"clothing","disabled":true,"emoji":null,"label":"custom clothing","type":2,"url":null},{"custom_id":"mod","disabled":true,"emoji":null,"label":"custom mod","type":2,"url":null}],"type":1}],"allowed_mentions":{"replied_user":false}},"files":[]}}
DiscordAPIError: Invalid Form Body
components[0].components[0].style: This field is required
components[0].components[1].style: This field is required
    at RequestHandler.execute (C:\Users\Jasper\Projects\xdbl.dev\bot\node_modules\discord.js\src\rest\RequestHandler.js:350:13)
    at process.processTicksAndRejections (node:internal/process/task_queues:95:5)
    at async RequestHandler.push (C:\Users\Jasper\Projects\xdbl.dev\bot\node_modules\discord.js\src\rest\RequestHandler.js:51:14)
    at async InteractionWebhook.send (C:\Users\Jasper\Projects\xdbl.dev\bot\node_modules\discord.js\src\structures\Webhook.js:195:15)
    at async module.exports (C:\Users\Jasper\Projects\xdbl.dev\bot\src\events\interactions\interactionCreate.js:84:7) 
12:20:24.267 INFO  Loading commands... 
12:20:24.287 DEBUG Skipping slash command avatar. Disabled! 
12:20:24.288 DEBUG Skipping slash command botinvite. Disabled! 
12:20:24.313 DEBUG Skipping slash command botstats. Disabled! 
12:20:24.314 DEBUG Skipping slash command channelinfo. Disabled! 
12:20:24.315 DEBUG Skipping slash command emojiinfo. Disabled! 
12:20:24.316 DEBUG Skipping slash command guildinfo. Disabled! 
12:20:24.317 DEBUG Skipping slash command uptime. Disabled! 
12:20:24.317 DEBUG Skipping slash command userinfo. Disabled! 
12:20:24.319 DEBUG Skipping command bot. Disabled! 
12:20:24.320 DEBUG Skipping command info. Disabled! 
12:20:24.322 DEBUG Skipping slash command deafen. Disabled! 
12:20:24.323 DEBUG Skipping slash command disconnect. Disabled! 
12:20:24.324 DEBUG Skipping slash command move. Disabled! 
12:20:24.325 DEBUG Skipping slash command purge. Disabled! 
12:20:24.325 DEBUG Skipping slash command purgeattach. Disabled! 
12:20:24.326 DEBUG Skipping slash command purgebots. Disabled! 
12:20:24.326 DEBUG Skipping slash command purgelinks. Disabled! 
12:20:24.326 DEBUG Skipping slash command purgetoken. Disabled! 
12:20:24.327 DEBUG Skipping slash command purgeuser. Disabled! 
12:20:24.328 DEBUG Skipping command purge. Disabled! 
12:20:24.329 DEBUG Skipping command voice. Disabled! 
12:20:24.330 DEBUG Skipping slash command undeafen. Disabled! 
12:20:24.331 DEBUG Skipping slash command vmute. Disabled! 
12:20:24.331 DEBUG Skipping slash command vunmute. Disabled! 
12:20:24.333 INFO  Loaded 54 commands 
12:20:24.333 INFO  Loaded 38 slash commands 
12:20:24.334 INFO  Loading contexts... 
12:20:24.335 INFO  Loaded 2 USER contexts 
12:20:24.335 INFO  Loaded 0 MESSAGE contexts 
12:20:24.335 INFO  Loading events... 
12:20:24.355 INFO  Loaded 15 events. Success (15) Failed (0) 
12:20:24.356 INFO  Validating config.js and environment variables 
12:20:24.356 INFO  Connecting to MongoDb... 
12:20:25.202 INFO  Mongoose: Database connection established 
12:20:26.265 INFO  Logged in as ﹒xdbl.dev#5226! (758776071268859946) 
12:20:27.929 INFO  Successfully registered slash commands 
12:20:33.481 ERROR Invalid Form Body
name: Could not interpret "{'name': 'axodouble', 'parent': '1108868306896683009', 'permissionOverwrites': [{'id': '750209335841390642', 'deny': ['VIEW_CHANNEL']}, {'id': '244173330431737866', 'allow': ['VIEW_CHANNEL']}, {'id': '985660947878277180', 'allow': ['VIEW_CHANNEL']}]}" as string.
{"name":"DiscordAPIError","message":"Invalid Form Body\nname: Could not interpret \"{'name': 'axodouble', 'parent': '1108868306896683009', 'permissionOverwrites': [{'id': '750209335841390642', 'deny': ['VIEW_CHANNEL']}, {'id': '244173330431737866', 'allow': ['VIEW_CHANNEL']}, {'id': '985660947878277180', 'allow': ['VIEW_CHANNEL']}]}\" as string.","method":"post","path":"/guilds/750209335841390642/channels","code":50035,"httpStatus":400,"requestData":{"json":{"name":{"name":"axodouble","parent":"1108868306896683009","permissionOverwrites":[{"id":"750209335841390642","deny":["VIEW_CHANNEL"]},{"id":"244173330431737866","allow":["VIEW_CHANNEL"]},{"id":"985660947878277180","allow":["VIEW_CHANNEL"]}]},"type":0},"files":[]}}
DiscordAPIError: Invalid Form Body
name: Could not interpret "{'name': 'axodouble', 'parent': '1108868306896683009', 'permissionOverwrites': [{'id': '750209335841390642', 'deny': ['VIEW_CHANNEL']}, {'id': '244173330431737866', 'allow': ['VIEW_CHANNEL']}, {'id': '985660947878277180', 'allow': ['VIEW_CHANNEL']}]}" as string.
    at RequestHandler.execute (C:\Users\Jasper\Projects\xdbl.dev\bot\node_modules\discord.js\src\rest\RequestHandler.js:350:13)
    at process.processTicksAndRejections (node:internal/process/task_queues:95:5)
    at async RequestHandler.push (C:\Users\Jasper\Projects\xdbl.dev\bot\node_modules\discord.js\src\rest\RequestHandler.js:51:14)
    at async GuildChannelManager.create (C:\Users\Jasper\Projects\xdbl.dev\bot\node_modules\discord.js\src\managers\GuildChannelManager.js:153:18) 
12:20:57.065 INFO  Loading commands... 
12:20:57.084 DEBUG Skipping slash command avatar. Disabled! 
12:20:57.085 DEBUG Skipping slash command botinvite. Disabled! 
12:20:57.110 DEBUG Skipping slash command botstats. Disabled! 
12:20:57.111 DEBUG Skipping slash command channelinfo. Disabled! 
12:20:57.112 DEBUG Skipping slash command emojiinfo. Disabled! 
12:20:57.113 DEBUG Skipping slash command guildinfo. Disabled! 
12:20:57.113 DEBUG Skipping slash command uptime. Disabled! 
12:20:57.114 DEBUG Skipping slash command userinfo. Disabled! 
12:20:57.116 DEBUG Skipping command bot. Disabled! 
12:20:57.117 DEBUG Skipping command info. Disabled! 
12:20:57.119 DEBUG Skipping slash command deafen. Disabled! 
12:20:57.119 DEBUG Skipping slash command disconnect. Disabled! 
12:20:57.120 DEBUG Skipping slash command move. Disabled! 
12:20:57.121 DEBUG Skipping slash command purge. Disabled! 
12:20:57.122 DEBUG Skipping slash command purgeattach. Disabled! 
12:20:57.122 DEBUG Skipping slash command purgebots. Disabled! 
12:20:57.122 DEBUG Skipping slash command purgelinks. Disabled! 
12:20:57.123 DEBUG Skipping slash command purgetoken. Disabled! 
12:20:57.123 DEBUG Skipping slash command purgeuser. Disabled! 
12:20:57.124 DEBUG Skipping command purge. Disabled! 
12:20:57.125 DEBUG Skipping command voice. Disabled! 
12:20:57.126 DEBUG Skipping slash command undeafen. Disabled! 
12:20:57.127 DEBUG Skipping slash command vmute. Disabled! 
12:20:57.127 DEBUG Skipping slash command vunmute. Disabled! 
12:20:57.129 INFO  Loaded 54 commands 
12:20:57.129 INFO  Loaded 38 slash commands 
12:20:57.130 INFO  Loading contexts... 
12:20:57.131 INFO  Loaded 2 USER contexts 
12:20:57.131 INFO  Loaded 0 MESSAGE contexts 
12:20:57.132 INFO  Loading events... 
12:20:57.150 INFO  Loaded 15 events. Success (15) Failed (0) 
12:20:57.151 INFO  Validating config.js and environment variables 
12:20:57.151 INFO  Connecting to MongoDb... 
12:20:57.972 INFO  Mongoose: Database connection established 
12:20:59.114 INFO  Logged in as ﹒xdbl.dev#5226! (758776071268859946) 
12:20:59.975 INFO  Successfully registered slash commands 
12:24:24.295 INFO  Loading commands... 
12:24:24.315 DEBUG Skipping slash command avatar. Disabled! 
12:24:24.316 DEBUG Skipping slash command botinvite. Disabled! 
12:24:24.343 DEBUG Skipping slash command botstats. Disabled! 
12:24:24.344 DEBUG Skipping slash command channelinfo. Disabled! 
12:24:24.345 DEBUG Skipping slash command emojiinfo. Disabled! 
12:24:24.346 DEBUG Skipping slash command guildinfo. Disabled! 
12:24:24.347 DEBUG Skipping slash command uptime. Disabled! 
12:24:24.347 DEBUG Skipping slash command userinfo. Disabled! 
12:24:24.349 DEBUG Skipping command bot. Disabled! 
12:24:24.350 DEBUG Skipping command info. Disabled! 
12:24:24.352 DEBUG Skipping slash command deafen. Disabled! 
12:24:24.353 DEBUG Skipping slash command disconnect. Disabled! 
12:24:24.354 DEBUG Skipping slash command move. Disabled! 
12:24:24.355 DEBUG Skipping slash command purge. Disabled! 
12:24:24.355 DEBUG Skipping slash command purgeattach. Disabled! 
12:24:24.356 DEBUG Skipping slash command purgebots. Disabled! 
12:24:24.356 DEBUG Skipping slash command purgelinks. Disabled! 
12:24:24.357 DEBUG Skipping slash command purgetoken. Disabled! 
12:24:24.357 DEBUG Skipping slash command purgeuser. Disabled! 
12:24:24.359 DEBUG Skipping command purge. Disabled! 
12:24:24.359 DEBUG Skipping command voice. Disabled! 
12:24:24.361 DEBUG Skipping slash command undeafen. Disabled! 
12:24:24.361 DEBUG Skipping slash command vmute. Disabled! 
12:24:24.362 DEBUG Skipping slash command vunmute. Disabled! 
12:24:24.364 INFO  Loaded 54 commands 
12:24:24.364 INFO  Loaded 38 slash commands 
12:24:24.364 INFO  Loading contexts... 
12:24:24.366 INFO  Loaded 2 USER contexts 
12:24:24.367 INFO  Loaded 0 MESSAGE contexts 
12:24:24.367 INFO  Loading events... 
12:24:24.387 INFO  Loaded 15 events. Success (15) Failed (0) 
12:24:24.387 INFO  Validating config.js and environment variables 
12:24:24.387 INFO  Connecting to MongoDb... 
12:24:25.247 INFO  Mongoose: Database connection established 
12:24:26.501 INFO  Logged in as ﹒xdbl.dev#5226! (758776071268859946) 
12:24:27.357 INFO  Successfully registered slash commands 
12:24:34.728 ERROR The reply to this interaction has already been sent or deferred.
{}
Error [INTERACTION_ALREADY_REPLIED]: The reply to this interaction has already been sent or deferred.
    at ButtonInteraction.update (C:\Users\Jasper\Projects\xdbl.dev\bot\node_modules\discord.js\src\structures\interfaces\InteractionResponses.js:206:46)
    at C:\Users\Jasper\Projects\xdbl.dev\bot\src\events\interactions\interactionCreate.js:124:25
    at process.processTicksAndRejections (node:internal/process/task_queues:95:5) 
12:25:13.063 INFO  Loading commands... 
12:25:13.083 DEBUG Skipping slash command avatar. Disabled! 
12:25:13.084 DEBUG Skipping slash command botinvite. Disabled! 
12:25:13.110 DEBUG Skipping slash command botstats. Disabled! 
12:25:13.111 DEBUG Skipping slash command channelinfo. Disabled! 
12:25:13.112 DEBUG Skipping slash command emojiinfo. Disabled! 
12:25:13.113 DEBUG Skipping slash command guildinfo. Disabled! 
12:25:13.113 DEBUG Skipping slash command uptime. Disabled! 
12:25:13.114 DEBUG Skipping slash command userinfo. Disabled! 
12:25:13.116 DEBUG Skipping command bot. Disabled! 
12:25:13.116 DEBUG Skipping command info. Disabled! 
12:25:13.118 DEBUG Skipping slash command deafen. Disabled! 
12:25:13.119 DEBUG Skipping slash command disconnect. Disabled! 
12:25:13.120 DEBUG Skipping slash command move. Disabled! 
12:25:13.121 DEBUG Skipping slash command purge. Disabled! 
12:25:13.122 DEBUG Skipping slash command purgeattach. Disabled! 
12:25:13.122 DEBUG Skipping slash command purgebots. Disabled! 
12:25:13.122 DEBUG Skipping slash command purgelinks. Disabled! 
12:25:13.123 DEBUG Skipping slash command purgetoken. Disabled! 
12:25:13.123 DEBUG Skipping slash command purgeuser. Disabled! 
12:25:13.125 DEBUG Skipping command purge. Disabled! 
12:25:13.125 DEBUG Skipping command voice. Disabled! 
12:25:13.126 DEBUG Skipping slash command undeafen. Disabled! 
12:25:13.127 DEBUG Skipping slash command vmute. Disabled! 
12:25:13.128 DEBUG Skipping slash command vunmute. Disabled! 
12:25:13.129 INFO  Loaded 54 commands 
12:25:13.130 INFO  Loaded 38 slash commands 
12:25:13.130 INFO  Loading contexts... 
12:25:13.132 INFO  Loaded 2 USER contexts 
12:25:13.132 INFO  Loaded 0 MESSAGE contexts 
12:25:13.132 INFO  Loading events... 
12:25:13.152 INFO  Loaded 15 events. Success (15) Failed (0) 
12:25:13.153 INFO  Validating config.js and environment variables 
12:25:13.153 INFO  Connecting to MongoDb... 
12:25:13.804 INFO  Mongoose: Database connection established 
12:25:14.825 INFO  Logged in as ﹒xdbl.dev#5226! (758776071268859946) 
12:25:15.583 INFO  Successfully registered slash commands 
12:25:20.670 ERROR The reply to this interaction has already been sent or deferred.
{}
Error [INTERACTION_ALREADY_REPLIED]: The reply to this interaction has already been sent or deferred.
    at ButtonInteraction.update (C:\Users\Jasper\Projects\xdbl.dev\bot\node_modules\discord.js\src\structures\interfaces\InteractionResponses.js:206:46)
    at C:\Users\Jasper\Projects\xdbl.dev\bot\src\events\interactions\interactionCreate.js:103:32
    at process.processTicksAndRejections (node:internal/process/task_queues:95:5) 
12:25:49.645 INFO  Loading commands... 
12:25:49.664 DEBUG Skipping slash command avatar. Disabled! 
12:25:49.665 DEBUG Skipping slash command botinvite. Disabled! 
12:25:49.690 DEBUG Skipping slash command botstats. Disabled! 
12:25:49.690 DEBUG Skipping slash command channelinfo. Disabled! 
12:25:49.691 DEBUG Skipping slash command emojiinfo. Disabled! 
12:25:49.692 DEBUG Skipping slash command guildinfo. Disabled! 
12:25:49.692 DEBUG Skipping slash command uptime. Disabled! 
12:25:49.693 DEBUG Skipping slash command userinfo. Disabled! 
12:25:49.695 DEBUG Skipping command bot. Disabled! 
12:25:49.696 DEBUG Skipping command info. Disabled! 
12:25:49.698 DEBUG Skipping slash command deafen. Disabled! 
12:25:49.698 DEBUG Skipping slash command disconnect. Disabled! 
12:25:49.699 DEBUG Skipping slash command move. Disabled! 
12:25:49.700 DEBUG Skipping slash command purge. Disabled! 
12:25:49.701 DEBUG Skipping slash command purgeattach. Disabled! 
12:25:49.701 DEBUG Skipping slash command purgebots. Disabled! 
12:25:49.701 DEBUG Skipping slash command purgelinks. Disabled! 
12:25:49.702 DEBUG Skipping slash command purgetoken. Disabled! 
12:25:49.702 DEBUG Skipping slash command purgeuser. Disabled! 
12:25:49.704 DEBUG Skipping command purge. Disabled! 
12:25:49.704 DEBUG Skipping command voice. Disabled! 
12:25:49.705 DEBUG Skipping slash command undeafen. Disabled! 
12:25:49.706 DEBUG Skipping slash command vmute. Disabled! 
12:25:49.706 DEBUG Skipping slash command vunmute. Disabled! 
12:25:49.708 INFO  Loaded 54 commands 
12:25:49.708 INFO  Loaded 38 slash commands 
12:25:49.709 INFO  Loading contexts... 
12:25:49.710 INFO  Loaded 2 USER contexts 
12:25:49.710 INFO  Loaded 0 MESSAGE contexts 
12:25:49.711 INFO  Loading events... 
12:25:49.730 INFO  Loaded 15 events. Success (15) Failed (0) 
12:25:49.730 INFO  Validating config.js and environment variables 
12:25:49.730 INFO  Connecting to MongoDb... 
12:25:50.535 INFO  Mongoose: Database connection established 
12:25:51.798 INFO  Logged in as ﹒xdbl.dev#5226! (758776071268859946) 
12:25:52.522 INFO  Successfully registered slash commands 
12:26:04.128 INFO  Loading commands... 
12:26:04.147 DEBUG Skipping slash command avatar. Disabled! 
12:26:04.148 DEBUG Skipping slash command botinvite. Disabled! 
12:26:04.173 DEBUG Skipping slash command botstats. Disabled! 
12:26:04.174 DEBUG Skipping slash command channelinfo. Disabled! 
12:26:04.175 DEBUG Skipping slash command emojiinfo. Disabled! 
12:26:04.176 DEBUG Skipping slash command guildinfo. Disabled! 
12:26:04.176 DEBUG Skipping slash command uptime. Disabled! 
12:26:04.177 DEBUG Skipping slash command userinfo. Disabled! 
12:26:04.179 DEBUG Skipping command bot. Disabled! 
12:26:04.179 DEBUG Skipping command info. Disabled! 
12:26:04.181 DEBUG Skipping slash command deafen. Disabled! 
12:26:04.182 DEBUG Skipping slash command disconnect. Disabled! 
12:26:04.183 DEBUG Skipping slash command move. Disabled! 
12:26:04.184 DEBUG Skipping slash command purge. Disabled! 
12:26:04.184 DEBUG Skipping slash command purgeattach. Disabled! 
12:26:04.185 DEBUG Skipping slash command purgebots. Disabled! 
12:26:04.185 DEBUG Skipping slash command purgelinks. Disabled! 
12:26:04.185 DEBUG Skipping slash command purgetoken. Disabled! 
12:26:04.186 DEBUG Skipping slash command purgeuser. Disabled! 
12:26:04.187 DEBUG Skipping command purge. Disabled! 
12:26:04.188 DEBUG Skipping command voice. Disabled! 
12:26:04.189 DEBUG Skipping slash command undeafen. Disabled! 
12:26:04.190 DEBUG Skipping slash command vmute. Disabled! 
12:26:04.190 DEBUG Skipping slash command vunmute. Disabled! 
12:26:04.192 INFO  Loaded 54 commands 
12:26:04.192 INFO  Loaded 38 slash commands 
12:26:04.192 INFO  Loading contexts... 
12:26:04.194 INFO  Loaded 2 USER contexts 
12:26:04.194 INFO  Loaded 0 MESSAGE contexts 
12:26:04.195 INFO  Loading events... 
12:26:04.214 INFO  Loaded 15 events. Success (15) Failed (0) 
12:26:04.215 INFO  Validating config.js and environment variables 
12:26:04.215 INFO  Connecting to MongoDb... 
12:26:04.984 INFO  Mongoose: Database connection established 
12:26:06.086 INFO  Logged in as ﹒xdbl.dev#5226! (758776071268859946) 
12:26:06.758 INFO  Successfully registered slash commands 
12:26:12.354 ERROR The reply to this interaction has already been sent or deferred.
{}
Error [INTERACTION_ALREADY_REPLIED]: The reply to this interaction has already been sent or deferred.
    at ButtonInteraction.update (C:\Users\Jasper\Projects\xdbl.dev\bot\node_modules\discord.js\src\structures\interfaces\InteractionResponses.js:206:46)
    at C:\Users\Jasper\Projects\xdbl.dev\bot\src\events\interactions\interactionCreate.js:103:38
    at process.processTicksAndRejections (node:internal/process/task_queues:95:5) 
12:30:06.422 INFO  Loading commands... 
12:30:06.442 DEBUG Skipping slash command avatar. Disabled! 
12:30:06.442 DEBUG Skipping slash command botinvite. Disabled! 
12:30:06.468 DEBUG Skipping slash command botstats. Disabled! 
12:30:06.469 DEBUG Skipping slash command channelinfo. Disabled! 
12:30:06.469 DEBUG Skipping slash command emojiinfo. Disabled! 
12:30:06.470 DEBUG Skipping slash command guildinfo. Disabled! 
12:30:06.471 DEBUG Skipping slash command uptime. Disabled! 
12:30:06.472 DEBUG Skipping slash command userinfo. Disabled! 
12:30:06.474 DEBUG Skipping command bot. Disabled! 
12:30:06.474 DEBUG Skipping command info. Disabled! 
12:30:06.476 DEBUG Skipping slash command deafen. Disabled! 
12:30:06.477 DEBUG Skipping slash command disconnect. Disabled! 
12:30:06.478 DEBUG Skipping slash command move. Disabled! 
12:30:06.479 DEBUG Skipping slash command purge. Disabled! 
12:30:06.479 DEBUG Skipping slash command purgeattach. Disabled! 
12:30:06.480 DEBUG Skipping slash command purgebots. Disabled! 
12:30:06.480 DEBUG Skipping slash command purgelinks. Disabled! 
12:30:06.481 DEBUG Skipping slash command purgetoken. Disabled! 
12:30:06.481 DEBUG Skipping slash command purgeuser. Disabled! 
12:30:06.482 DEBUG Skipping command purge. Disabled! 
12:30:06.483 DEBUG Skipping command voice. Disabled! 
12:30:06.484 DEBUG Skipping slash command undeafen. Disabled! 
12:30:06.485 DEBUG Skipping slash command vmute. Disabled! 
12:30:06.485 DEBUG Skipping slash command vunmute. Disabled! 
12:30:06.487 INFO  Loaded 54 commands 
12:30:06.487 INFO  Loaded 38 slash commands 
12:30:06.487 INFO  Loading contexts... 
12:30:06.489 INFO  Loaded 2 USER contexts 
12:30:06.489 INFO  Loaded 0 MESSAGE contexts 
12:30:06.489 INFO  Loading events... 
12:30:06.509 INFO  Loaded 15 events. Success (15) Failed (0) 
12:30:06.510 INFO  Validating config.js and environment variables 
12:30:06.510 INFO  Connecting to MongoDb... 
12:30:07.287 INFO  Mongoose: Database connection established 
12:30:08.448 INFO  Logged in as ﹒xdbl.dev#5226! (758776071268859946) 
12:30:09.486 INFO  Successfully registered slash commands 
12:30:17.941 ERROR The reply to this interaction has already been sent or deferred.
{}
Error [INTERACTION_ALREADY_REPLIED]: The reply to this interaction has already been sent or deferred.
    at ButtonInteraction.update (C:\Users\Jasper\Projects\xdbl.dev\bot\node_modules\discord.js\src\structures\interfaces\InteractionResponses.js:206:46)
    at C:\Users\Jasper\Projects\xdbl.dev\bot\src\events\interactions\interactionCreate.js:104:34
    at process.processTicksAndRejections (node:internal/process/task_queues:95:5) 
12:31:15.943 INFO  Loading commands... 
12:31:15.963 DEBUG Skipping slash command avatar. Disabled! 
12:31:15.964 DEBUG Skipping slash command botinvite. Disabled! 
12:31:15.990 DEBUG Skipping slash command botstats. Disabled! 
12:31:15.991 DEBUG Skipping slash command channelinfo. Disabled! 
12:31:15.992 DEBUG Skipping slash command emojiinfo. Disabled! 
12:31:15.993 DEBUG Skipping slash command guildinfo. Disabled! 
12:31:15.993 DEBUG Skipping slash command uptime. Disabled! 
12:31:15.994 DEBUG Skipping slash command userinfo. Disabled! 
12:31:15.996 DEBUG Skipping command bot. Disabled! 
12:31:15.997 DEBUG Skipping command info. Disabled! 
12:31:15.999 DEBUG Skipping slash command deafen. Disabled! 
12:31:15.999 DEBUG Skipping slash command disconnect. Disabled! 
12:31:16.000 DEBUG Skipping slash command move. Disabled! 
12:31:16.001 DEBUG Skipping slash command purge. Disabled! 
12:31:16.002 DEBUG Skipping slash command purgeattach. Disabled! 
12:31:16.002 DEBUG Skipping slash command purgebots. Disabled! 
12:31:16.002 DEBUG Skipping slash command purgelinks. Disabled! 
12:31:16.003 DEBUG Skipping slash command purgetoken. Disabled! 
12:31:16.003 DEBUG Skipping slash command purgeuser. Disabled! 
12:31:16.005 DEBUG Skipping command purge. Disabled! 
12:31:16.005 DEBUG Skipping command voice. Disabled! 
12:31:16.006 DEBUG Skipping slash command undeafen. Disabled! 
12:31:16.007 DEBUG Skipping slash command vmute. Disabled! 
12:31:16.008 DEBUG Skipping slash command vunmute. Disabled! 
12:31:16.010 INFO  Loaded 54 commands 
12:31:16.010 INFO  Loaded 38 slash commands 
12:31:16.010 INFO  Loading contexts... 
12:31:16.012 INFO  Loaded 2 USER contexts 
12:31:16.012 INFO  Loaded 0 MESSAGE contexts 
12:31:16.012 INFO  Loading events... 
12:31:16.032 INFO  Loaded 15 events. Success (15) Failed (0) 
12:31:16.032 INFO  Validating config.js and environment variables 
12:31:16.033 INFO  Connecting to MongoDb... 
12:31:16.722 INFO  Mongoose: Database connection established 
12:31:17.722 INFO  Logged in as ﹒xdbl.dev#5226! (758776071268859946) 
12:31:19.309 INFO  Successfully registered slash commands 
12:31:24.151 INFO  Loading commands... 
12:31:24.171 DEBUG Skipping slash command avatar. Disabled! 
12:31:24.172 DEBUG Skipping slash command botinvite. Disabled! 
12:31:24.198 DEBUG Skipping slash command botstats. Disabled! 
12:31:24.199 DEBUG Skipping slash command channelinfo. Disabled! 
12:31:24.200 DEBUG Skipping slash command emojiinfo. Disabled! 
12:31:24.201 DEBUG Skipping slash command guildinfo. Disabled! 
12:31:24.201 DEBUG Skipping slash command uptime. Disabled! 
12:31:24.202 DEBUG Skipping slash command userinfo. Disabled! 
12:31:24.204 DEBUG Skipping command bot. Disabled! 
12:31:24.204 DEBUG Skipping command info. Disabled! 
12:31:24.207 DEBUG Skipping slash command deafen. Disabled! 
12:31:24.207 DEBUG Skipping slash command disconnect. Disabled! 
12:31:24.208 DEBUG Skipping slash command move. Disabled! 
12:31:24.209 DEBUG Skipping slash command purge. Disabled! 
12:31:24.210 DEBUG Skipping slash command purgeattach. Disabled! 
12:31:24.210 DEBUG Skipping slash command purgebots. Disabled! 
12:31:24.211 DEBUG Skipping slash command purgelinks. Disabled! 
12:31:24.211 DEBUG Skipping slash command purgetoken. Disabled! 
12:31:24.211 DEBUG Skipping slash command purgeuser. Disabled! 
12:31:24.213 DEBUG Skipping command purge. Disabled! 
12:31:24.213 DEBUG Skipping command voice. Disabled! 
12:31:24.214 DEBUG Skipping slash command undeafen. Disabled! 
12:31:24.215 DEBUG Skipping slash command vmute. Disabled! 
12:31:24.216 DEBUG Skipping slash command vunmute. Disabled! 
12:31:24.218 INFO  Loaded 54 commands 
12:31:24.218 INFO  Loaded 38 slash commands 
12:31:24.218 INFO  Loading contexts... 
12:31:24.220 INFO  Loaded 2 USER contexts 
12:31:24.220 INFO  Loaded 0 MESSAGE contexts 
12:31:24.220 INFO  Loading events... 
12:31:24.240 INFO  Loaded 15 events. Success (15) Failed (0) 
12:31:24.240 INFO  Validating config.js and environment variables 
12:31:24.241 INFO  Connecting to MongoDb... 
12:31:24.820 INFO  Mongoose: Database connection established 
12:31:25.811 INFO  Logged in as ﹒xdbl.dev#5226! (758776071268859946) 
12:31:26.498 INFO  Successfully registered slash commands 
12:32:18.342 INFO  Loading commands... 
12:32:18.362 DEBUG Skipping slash command avatar. Disabled! 
12:32:18.363 DEBUG Skipping slash command botinvite. Disabled! 
12:32:18.389 DEBUG Skipping slash command botstats. Disabled! 
12:32:18.390 DEBUG Skipping slash command channelinfo. Disabled! 
12:32:18.391 DEBUG Skipping slash command emojiinfo. Disabled! 
12:32:18.392 DEBUG Skipping slash command guildinfo. Disabled! 
12:32:18.392 DEBUG Skipping slash command uptime. Disabled! 
12:32:18.393 DEBUG Skipping slash command userinfo. Disabled! 
12:32:18.395 DEBUG Skipping command bot. Disabled! 
12:32:18.396 DEBUG Skipping command info. Disabled! 
12:32:18.398 DEBUG Skipping slash command deafen. Disabled! 
12:32:18.399 DEBUG Skipping slash command disconnect. Disabled! 
12:32:18.400 DEBUG Skipping slash command move. Disabled! 
12:32:18.401 DEBUG Skipping slash command purge. Disabled! 
12:32:18.401 DEBUG Skipping slash command purgeattach. Disabled! 
12:32:18.401 DEBUG Skipping slash command purgebots. Disabled! 
12:32:18.402 DEBUG Skipping slash command purgelinks. Disabled! 
12:32:18.402 DEBUG Skipping slash command purgetoken. Disabled! 
12:32:18.403 DEBUG Skipping slash command purgeuser. Disabled! 
12:32:18.404 DEBUG Skipping command purge. Disabled! 
12:32:18.405 DEBUG Skipping command voice. Disabled! 
12:32:18.406 DEBUG Skipping slash command undeafen. Disabled! 
12:32:18.407 DEBUG Skipping slash command vmute. Disabled! 
12:32:18.407 DEBUG Skipping slash command vunmute. Disabled! 
12:32:18.409 INFO  Loaded 54 commands 
12:32:18.409 INFO  Loaded 38 slash commands 
12:32:18.409 INFO  Loading contexts... 
12:32:18.411 INFO  Loaded 2 USER contexts 
12:32:18.411 INFO  Loaded 0 MESSAGE contexts 
12:32:18.412 INFO  Loading events... 
12:32:18.431 INFO  Loaded 15 events. Success (15) Failed (0) 
12:32:18.431 INFO  Validating config.js and environment variables 
12:32:18.432 INFO  Connecting to MongoDb... 
12:32:19.229 INFO  Mongoose: Database connection established 
12:32:20.199 INFO  Logged in as ﹒xdbl.dev#5226! (758776071268859946) 
12:32:20.794 INFO  Successfully registered slash commands 
12:34:26.210 INFO  Loading commands... 
12:34:26.231 DEBUG Skipping slash command avatar. Disabled! 
12:34:26.232 DEBUG Skipping slash command botinvite. Disabled! 
12:34:26.260 DEBUG Skipping slash command botstats. Disabled! 
12:34:26.261 DEBUG Skipping slash command channelinfo. Disabled! 
12:34:26.261 DEBUG Skipping slash command emojiinfo. Disabled! 
12:34:26.262 DEBUG Skipping slash command guildinfo. Disabled! 
12:34:26.263 DEBUG Skipping slash command uptime. Disabled! 
12:34:26.264 DEBUG Skipping slash command userinfo. Disabled! 
12:34:26.266 DEBUG Skipping command bot. Disabled! 
12:34:26.267 DEBUG Skipping command info. Disabled! 
12:34:26.269 DEBUG Skipping slash command deafen. Disabled! 
12:34:26.269 DEBUG Skipping slash command disconnect. Disabled! 
12:34:26.270 DEBUG Skipping slash command move. Disabled! 
12:34:26.271 DEBUG Skipping slash command purge. Disabled! 
12:34:26.272 DEBUG Skipping slash command purgeattach. Disabled! 
12:34:26.272 DEBUG Skipping slash command purgebots. Disabled! 
12:34:26.272 DEBUG Skipping slash command purgelinks. Disabled! 
12:34:26.273 DEBUG Skipping slash command purgetoken. Disabled! 
12:34:26.273 DEBUG Skipping slash command purgeuser. Disabled! 
12:34:26.275 DEBUG Skipping command purge. Disabled! 
12:34:26.275 DEBUG Skipping command voice. Disabled! 
12:34:26.276 DEBUG Skipping slash command undeafen. Disabled! 
12:34:26.277 DEBUG Skipping slash command vmute. Disabled! 
12:34:26.278 DEBUG Skipping slash command vunmute. Disabled! 
12:34:26.280 INFO  Loaded 54 commands 
12:34:26.280 INFO  Loaded 38 slash commands 
12:34:26.280 INFO  Loading contexts... 
12:34:26.282 INFO  Loaded 2 USER contexts 
12:34:26.283 INFO  Loaded 0 MESSAGE contexts 
12:34:26.283 INFO  Loading events... 
12:34:26.303 INFO  Loaded 15 events. Success (15) Failed (0) 
12:34:26.303 INFO  Validating config.js and environment variables 
12:34:26.304 INFO  Connecting to MongoDb... 
12:34:27.128 INFO  Mongoose: Database connection established 
12:34:28.153 INFO  Logged in as ﹒xdbl.dev#5226! (758776071268859946) 
12:34:28.874 INFO  Successfully registered slash commands 
12:45:54.994 INFO  Loading commands... 
12:45:55.002 DEBUG Skipping command commission. Disabled! 
12:45:55.014 DEBUG Skipping slash command avatar. Disabled! 
12:45:55.015 DEBUG Skipping slash command botinvite. Disabled! 
12:45:55.040 DEBUG Skipping slash command botstats. Disabled! 
12:45:55.041 DEBUG Skipping slash command channelinfo. Disabled! 
12:45:55.042 DEBUG Skipping slash command emojiinfo. Disabled! 
12:45:55.043 DEBUG Skipping slash command guildinfo. Disabled! 
12:45:55.043 DEBUG Skipping slash command uptime. Disabled! 
12:45:55.044 DEBUG Skipping slash command userinfo. Disabled! 
12:45:55.046 DEBUG Skipping command bot. Disabled! 
12:45:55.047 DEBUG Skipping command info. Disabled! 
12:45:55.048 DEBUG Skipping slash command deafen. Disabled! 
12:45:55.049 DEBUG Skipping slash command disconnect. Disabled! 
12:45:55.050 DEBUG Skipping slash command move. Disabled! 
12:45:55.051 DEBUG Skipping slash command purge. Disabled! 
12:45:55.051 DEBUG Skipping slash command purgeattach. Disabled! 
12:45:55.052 DEBUG Skipping slash command purgebots. Disabled! 
12:45:55.052 DEBUG Skipping slash command purgelinks. Disabled! 
12:45:55.052 DEBUG Skipping slash command purgetoken. Disabled! 
12:45:55.053 DEBUG Skipping slash command purgeuser. Disabled! 
12:45:55.054 DEBUG Skipping command purge. Disabled! 
12:45:55.055 DEBUG Skipping command voice. Disabled! 
12:45:55.056 DEBUG Skipping slash command undeafen. Disabled! 
12:45:55.057 DEBUG Skipping slash command vmute. Disabled! 
12:45:55.057 DEBUG Skipping slash command vunmute. Disabled! 
12:45:55.059 INFO  Loaded 54 commands 
12:45:55.059 INFO  Loaded 39 slash commands 
12:45:55.059 INFO  Loading contexts... 
12:45:55.061 INFO  Loaded 2 USER contexts 
12:45:55.061 INFO  Loaded 0 MESSAGE contexts 
12:45:55.061 INFO  Loading events... 
12:45:55.080 INFO  Loaded 15 events. Success (15) Failed (0) 
12:45:55.081 INFO  Validating config.js and environment variables 
12:45:55.081 INFO  Connecting to MongoDb... 
12:45:56.132 INFO  Mongoose: Database connection established 
12:45:57.854 INFO  Logged in as ﹒xdbl.dev#5226! (758776071268859946) 
12:45:58.599 INFO  Successfully registered slash commands 
12:46:54.252 INFO  Loading commands... 
12:46:54.259 DEBUG Skipping command commission. Disabled! 
12:46:54.271 DEBUG Skipping slash command avatar. Disabled! 
12:46:54.272 DEBUG Skipping slash command botinvite. Disabled! 
12:46:54.297 DEBUG Skipping slash command botstats. Disabled! 
12:46:54.297 DEBUG Skipping slash command channelinfo. Disabled! 
12:46:54.298 DEBUG Skipping slash command emojiinfo. Disabled! 
12:46:54.299 DEBUG Skipping slash command guildinfo. Disabled! 
12:46:54.299 DEBUG Skipping slash command uptime. Disabled! 
12:46:54.300 DEBUG Skipping slash command userinfo. Disabled! 
12:46:54.302 DEBUG Skipping command bot. Disabled! 
12:46:54.303 DEBUG Skipping command info. Disabled! 
12:46:54.305 DEBUG Skipping slash command deafen. Disabled! 
12:46:54.305 DEBUG Skipping slash command disconnect. Disabled! 
12:46:54.306 DEBUG Skipping slash command move. Disabled! 
12:46:54.307 DEBUG Skipping slash command purge. Disabled! 
12:46:54.308 DEBUG Skipping slash command purgeattach. Disabled! 
12:46:54.308 DEBUG Skipping slash command purgebots. Disabled! 
12:46:54.308 DEBUG Skipping slash command purgelinks. Disabled! 
12:46:54.309 DEBUG Skipping slash command purgetoken. Disabled! 
12:46:54.309 DEBUG Skipping slash command purgeuser. Disabled! 
12:46:54.310 DEBUG Skipping command purge. Disabled! 
12:46:54.311 DEBUG Skipping command voice. Disabled! 
12:46:54.312 DEBUG Skipping slash command undeafen. Disabled! 
12:46:54.313 DEBUG Skipping slash command vmute. Disabled! 
12:46:54.313 DEBUG Skipping slash command vunmute. Disabled! 
12:46:54.315 INFO  Loaded 54 commands 
12:46:54.315 INFO  Loaded 39 slash commands 
12:46:54.316 INFO  Loading contexts... 
12:46:54.317 INFO  Loaded 2 USER contexts 
12:46:54.317 INFO  Loaded 0 MESSAGE contexts 
12:46:54.317 INFO  Loading events... 
12:46:54.337 INFO  Loaded 15 events. Success (15) Failed (0) 
12:46:54.337 INFO  Validating config.js and environment variables 
12:46:54.337 INFO  Connecting to MongoDb... 
12:46:55.061 INFO  Mongoose: Database connection established 
12:46:56.091 INFO  Logged in as ﹒xdbl.dev#5226! (758776071268859946) 
12:46:56.822 INFO  Successfully registered slash commands 
12:47:56.909 INFO  Loading commands... 
12:47:56.918 DEBUG Skipping command commission. Disabled! 
12:47:56.931 DEBUG Skipping slash command avatar. Disabled! 
12:47:56.931 DEBUG Skipping slash command botinvite. Disabled! 
12:47:56.957 DEBUG Skipping slash command botstats. Disabled! 
12:47:56.958 DEBUG Skipping slash command channelinfo. Disabled! 
12:47:56.958 DEBUG Skipping slash command emojiinfo. Disabled! 
12:47:56.959 DEBUG Skipping slash command guildinfo. Disabled! 
12:47:56.960 DEBUG Skipping slash command uptime. Disabled! 
12:47:56.961 DEBUG Skipping slash command userinfo. Disabled! 
12:47:56.963 DEBUG Skipping command bot. Disabled! 
12:47:56.963 DEBUG Skipping command info. Disabled! 
12:47:56.965 DEBUG Skipping slash command deafen. Disabled! 
12:47:56.966 DEBUG Skipping slash command disconnect. Disabled! 
12:47:56.967 DEBUG Skipping slash command move. Disabled! 
12:47:56.968 DEBUG Skipping slash command purge. Disabled! 
12:47:56.968 DEBUG Skipping slash command purgeattach. Disabled! 
12:47:56.969 DEBUG Skipping slash command purgebots. Disabled! 
12:47:56.969 DEBUG Skipping slash command purgelinks. Disabled! 
12:47:56.969 DEBUG Skipping slash command purgetoken. Disabled! 
12:47:56.970 DEBUG Skipping slash command purgeuser. Disabled! 
12:47:56.971 DEBUG Skipping command purge. Disabled! 
12:47:56.972 DEBUG Skipping command voice. Disabled! 
12:47:56.973 DEBUG Skipping slash command undeafen. Disabled! 
12:47:56.974 DEBUG Skipping slash command vmute. Disabled! 
12:47:56.974 DEBUG Skipping slash command vunmute. Disabled! 
12:47:56.976 INFO  Loaded 54 commands 
12:47:56.976 INFO  Loaded 39 slash commands 
12:47:56.977 INFO  Loading contexts... 
12:47:56.978 INFO  Loaded 2 USER contexts 
12:47:56.979 INFO  Loaded 0 MESSAGE contexts 
12:47:56.979 INFO  Loading events... 
12:47:56.999 INFO  Loaded 15 events. Success (15) Failed (0) 
12:47:56.999 INFO  Validating config.js and environment variables 
12:47:57.000 INFO  Connecting to MongoDb... 
12:47:57.761 INFO  Mongoose: Database connection established 
12:47:59.001 INFO  Logged in as ﹒xdbl.dev#5226! (758776071268859946) 
12:47:59.706 INFO  Successfully registered slash commands 
16:30:14.974 INFO  Loading commands... 
16:30:14.984 DEBUG Skipping command commission. Disabled! 
16:30:14.998 DEBUG Skipping slash command avatar. Disabled! 
16:30:14.999 DEBUG Skipping slash command botinvite. Disabled! 
16:30:15.028 DEBUG Skipping slash command botstats. Disabled! 
16:30:15.029 DEBUG Skipping slash command channelinfo. Disabled! 
16:30:15.030 DEBUG Skipping slash command emojiinfo. Disabled! 
16:30:15.031 DEBUG Skipping slash command guildinfo. Disabled! 
16:30:15.031 DEBUG Skipping slash command uptime. Disabled! 
16:30:15.032 DEBUG Skipping slash command userinfo. Disabled! 
16:30:15.034 DEBUG Skipping command bot. Disabled! 
16:30:15.035 DEBUG Skipping command info. Disabled! 
16:30:15.037 DEBUG Skipping slash command deafen. Disabled! 
16:30:15.038 DEBUG Skipping slash command disconnect. Disabled! 
16:30:15.039 DEBUG Skipping slash command move. Disabled! 
16:30:15.040 DEBUG Skipping slash command purge. Disabled! 
16:30:15.041 DEBUG Skipping slash command purgeattach. Disabled! 
16:30:15.041 DEBUG Skipping slash command purgebots. Disabled! 
16:30:15.041 DEBUG Skipping slash command purgelinks. Disabled! 
16:30:15.042 DEBUG Skipping slash command purgetoken. Disabled! 
16:30:15.042 DEBUG Skipping slash command purgeuser. Disabled! 
16:30:15.044 DEBUG Skipping command purge. Disabled! 
16:30:15.045 DEBUG Skipping command voice. Disabled! 
16:30:15.046 DEBUG Skipping slash command undeafen. Disabled! 
16:30:15.047 DEBUG Skipping slash command vmute. Disabled! 
16:30:15.048 DEBUG Skipping slash command vunmute. Disabled! 
16:30:15.050 INFO  Loaded 54 commands 
16:30:15.050 INFO  Loaded 39 slash commands 
16:30:15.050 INFO  Loading contexts... 
16:30:15.052 INFO  Loaded 2 USER contexts 
16:30:15.052 INFO  Loaded 0 MESSAGE contexts 
16:30:15.052 INFO  Loading events... 
16:30:15.074 INFO  Loaded 15 events. Success (15) Failed (0) 
16:30:15.074 INFO  Validating config.js and environment variables 
16:30:15.074 INFO  Connecting to MongoDb... 
16:30:15.879 INFO  Mongoose: Database connection established 
16:30:17.143 INFO  Logged in as ﹒xdbl.dev#5226! (758776071268859946) 
16:30:17.145 ERROR MessageEmbed.setTitle is not a constructor
{}
TypeError: MessageEmbed.setTitle is not a constructor
    at updatePresence (C:\Users\Jasper\Projects\xdbl.dev\bot\src\events\ready.js:78:5)
    at module.exports (C:\Users\Jasper\Projects\xdbl.dev\bot\src\events\ready.js:17:5)
    at BotClient.emit (node:events:525:35)
    at WebSocketManager.triggerClientReady (C:\Users\Jasper\Projects\xdbl.dev\bot\node_modules\discord.js\src\client\websocket\WebSocketManager.js:384:17)
    at WebSocketManager.checkShardsReady (C:\Users\Jasper\Projects\xdbl.dev\bot\node_modules\discord.js\src\client\websocket\WebSocketManager.js:367:10)
    at WebSocketShard.<anonymous> (C:\Users\Jasper\Projects\xdbl.dev\bot\node_modules\discord.js\src\client\websocket\WebSocketManager.js:189:14)
    at WebSocketShard.emit (node:events:513:28)
    at WebSocketShard.checkReady (C:\Users\Jasper\Projects\xdbl.dev\bot\node_modules\discord.js\src\client\websocket\WebSocketShard.js:475:12)
    at WebSocketShard.onPacket (C:\Users\Jasper\Projects\xdbl.dev\bot\node_modules\discord.js\src\client\websocket\WebSocketShard.js:447:16)
    at WebSocketShard.onMessage (C:\Users\Jasper\Projects\xdbl.dev\bot\node_modules\discord.js\src\client\websocket\WebSocketShard.js:301:10)
    at WebSocket.onMessage (C:\Users\Jasper\Projects\xdbl.dev\bot\node_modules\ws\lib\event-target.js:199:18)
    at WebSocket.emit (node:events:513:28)
    at Receiver.receiverOnMessage (C:\Users\Jasper\Projects\xdbl.dev\bot\node_modules\ws\lib\websocket.js:1098:20)
    at Receiver.emit (node:events:513:28)
    at Receiver.dataMessage (C:\Users\Jasper\Projects\xdbl.dev\bot\node_modules\ws\lib\receiver.js:528:14)
    at Receiver.getData (C:\Users\Jasper\Projects\xdbl.dev\bot\node_modules\ws\lib\receiver.js:446:17) 
16:33:05.968 INFO  Loading commands... 
16:33:05.975 DEBUG Skipping command commission. Disabled! 
16:33:05.988 DEBUG Skipping slash command avatar. Disabled! 
16:33:05.989 DEBUG Skipping slash command botinvite. Disabled! 
16:33:06.016 DEBUG Skipping slash command botstats. Disabled! 
16:33:06.017 DEBUG Skipping slash command channelinfo. Disabled! 
16:33:06.018 DEBUG Skipping slash command emojiinfo. Disabled! 
16:33:06.018 DEBUG Skipping slash command guildinfo. Disabled! 
16:33:06.019 DEBUG Skipping slash command uptime. Disabled! 
16:33:06.020 DEBUG Skipping slash command userinfo. Disabled! 
16:33:06.022 DEBUG Skipping command bot. Disabled! 
16:33:06.022 DEBUG Skipping command info. Disabled! 
16:33:06.024 DEBUG Skipping slash command deafen. Disabled! 
16:33:06.025 DEBUG Skipping slash command disconnect. Disabled! 
16:33:06.026 DEBUG Skipping slash command move. Disabled! 
16:33:06.027 DEBUG Skipping slash command purge. Disabled! 
16:33:06.027 DEBUG Skipping slash command purgeattach. Disabled! 
16:33:06.028 DEBUG Skipping slash command purgebots. Disabled! 
16:33:06.028 DEBUG Skipping slash command purgelinks. Disabled! 
16:33:06.029 DEBUG Skipping slash command purgetoken. Disabled! 
16:33:06.029 DEBUG Skipping slash command purgeuser. Disabled! 
16:33:06.030 DEBUG Skipping command purge. Disabled! 
16:33:06.031 DEBUG Skipping command voice. Disabled! 
16:33:06.032 DEBUG Skipping slash command undeafen. Disabled! 
16:33:06.033 DEBUG Skipping slash command vmute. Disabled! 
16:33:06.034 DEBUG Skipping slash command vunmute. Disabled! 
16:33:06.035 INFO  Loaded 54 commands 
16:33:06.036 INFO  Loaded 39 slash commands 
16:33:06.036 INFO  Loading contexts... 
16:33:06.037 INFO  Loaded 2 USER contexts 
16:33:06.038 INFO  Loaded 0 MESSAGE contexts 
16:33:06.038 INFO  Loading events... 
16:33:06.058 INFO  Loaded 15 events. Success (15) Failed (0) 
16:33:06.058 INFO  Validating config.js and environment variables 
16:33:06.059 INFO  Connecting to MongoDb... 
16:33:06.751 INFO  Mongoose: Database connection established 
16:33:07.709 INFO  Logged in as ﹒xdbl.dev#5226! (758776071268859946) 
16:33:08.230 INFO  Successfully registered slash commands 
16:42:47.476 INFO  Loading commands... 
16:42:47.484 DEBUG Skipping command commission. Disabled! 
16:42:47.497 DEBUG Skipping slash command avatar. Disabled! 
16:42:47.498 DEBUG Skipping slash command botinvite. Disabled! 
16:42:47.527 DEBUG Skipping slash command botstats. Disabled! 
16:42:47.528 DEBUG Skipping slash command channelinfo. Disabled! 
16:42:47.529 DEBUG Skipping slash command emojiinfo. Disabled! 
16:42:47.530 DEBUG Skipping slash command guildinfo. Disabled! 
16:42:47.530 DEBUG Skipping slash command uptime. Disabled! 
16:42:47.531 DEBUG Skipping slash command userinfo. Disabled! 
16:42:47.533 DEBUG Skipping command bot. Disabled! 
16:42:47.534 DEBUG Skipping command info. Disabled! 
16:42:47.536 DEBUG Skipping slash command deafen. Disabled! 
16:42:47.537 DEBUG Skipping slash command disconnect. Disabled! 
16:42:47.538 DEBUG Skipping slash command move. Disabled! 
16:42:47.539 DEBUG Skipping slash command purge. Disabled! 
16:42:47.539 DEBUG Skipping slash command purgeattach. Disabled! 
16:42:47.539 DEBUG Skipping slash command purgebots. Disabled! 
16:42:47.540 DEBUG Skipping slash command purgelinks. Disabled! 
16:42:47.540 DEBUG Skipping slash command purgetoken. Disabled! 
16:42:47.541 DEBUG Skipping slash command purgeuser. Disabled! 
16:42:47.542 DEBUG Skipping command purge. Disabled! 
16:42:47.543 DEBUG Skipping command voice. Disabled! 
16:42:47.544 DEBUG Skipping slash command undeafen. Disabled! 
16:42:47.545 DEBUG Skipping slash command vmute. Disabled! 
16:42:47.545 DEBUG Skipping slash command vunmute. Disabled! 
16:42:47.547 INFO  Loaded 54 commands 
16:42:47.547 INFO  Loaded 39 slash commands 
16:42:47.548 INFO  Loading contexts... 
16:42:47.550 INFO  Loaded 2 USER contexts 
16:42:47.550 INFO  Loaded 0 MESSAGE contexts 
16:42:47.550 INFO  Loading events... 
16:42:47.571 INFO  Loaded 15 events. Success (15) Failed (0) 
16:42:47.572 INFO  Validating config.js and environment variables 
16:42:47.572 INFO  Connecting to MongoDb... 
16:42:48.362 INFO  Mongoose: Database connection established 
16:45:25.769 INFO  Loading commands... 
16:45:25.777 DEBUG Skipping command commission. Disabled! 
16:45:25.790 DEBUG Skipping slash command avatar. Disabled! 
16:45:25.791 DEBUG Skipping slash command botinvite. Disabled! 
16:45:25.819 DEBUG Skipping slash command botstats. Disabled! 
16:45:25.820 DEBUG Skipping slash command channelinfo. Disabled! 
16:45:25.821 DEBUG Skipping slash command emojiinfo. Disabled! 
16:45:25.822 DEBUG Skipping slash command guildinfo. Disabled! 
16:45:25.823 DEBUG Skipping slash command uptime. Disabled! 
16:45:25.823 DEBUG Skipping slash command userinfo. Disabled! 
16:45:25.825 DEBUG Skipping command bot. Disabled! 
16:45:25.826 DEBUG Skipping command info. Disabled! 
16:45:25.828 DEBUG Skipping slash command deafen. Disabled! 
16:45:25.829 DEBUG Skipping slash command disconnect. Disabled! 
16:45:25.830 DEBUG Skipping slash command move. Disabled! 
16:45:25.831 DEBUG Skipping slash command purge. Disabled! 
16:45:25.831 DEBUG Skipping slash command purgeattach. Disabled! 
16:45:25.832 DEBUG Skipping slash command purgebots. Disabled! 
16:45:25.832 DEBUG Skipping slash command purgelinks. Disabled! 
16:45:25.833 DEBUG Skipping slash command purgetoken. Disabled! 
16:45:25.833 DEBUG Skipping slash command purgeuser. Disabled! 
16:45:25.834 DEBUG Skipping command purge. Disabled! 
16:45:25.835 DEBUG Skipping command voice. Disabled! 
16:45:25.836 DEBUG Skipping slash command undeafen. Disabled! 
16:45:25.837 DEBUG Skipping slash command vmute. Disabled! 
16:45:25.838 DEBUG Skipping slash command vunmute. Disabled! 
16:45:25.840 INFO  Loaded 54 commands 
16:45:25.840 INFO  Loaded 39 slash commands 
16:45:25.840 INFO  Loading contexts... 
16:45:25.842 INFO  Loaded 2 USER contexts 
16:45:25.842 INFO  Loaded 0 MESSAGE contexts 
16:45:25.842 INFO  Loading events... 
16:45:25.863 INFO  Loaded 15 events. Success (15) Failed (0) 
16:45:25.863 INFO  Validating config.js and environment variables 
16:45:25.864 INFO  Connecting to MongoDb... 
16:45:26.595 INFO  Mongoose: Database connection established 
16:45:27.575 INFO  Logged in as ﹒xdbl.dev#5226! (758776071268859946) 
16:45:28.222 INFO  Successfully registered slash commands 
16:45:49.086 INFO  Loading commands... 
16:45:49.094 DEBUG Skipping command commission. Disabled! 
16:45:49.108 DEBUG Skipping slash command avatar. Disabled! 
16:45:49.109 DEBUG Skipping slash command botinvite. Disabled! 
16:45:49.136 DEBUG Skipping slash command botstats. Disabled! 
16:45:49.137 DEBUG Skipping slash command channelinfo. Disabled! 
16:45:49.138 DEBUG Skipping slash command emojiinfo. Disabled! 
16:45:49.139 DEBUG Skipping slash command guildinfo. Disabled! 
16:45:49.140 DEBUG Skipping slash command uptime. Disabled! 
16:45:49.141 DEBUG Skipping slash command userinfo. Disabled! 
16:45:49.143 DEBUG Skipping command bot. Disabled! 
16:45:49.144 DEBUG Skipping command info. Disabled! 
16:45:49.146 DEBUG Skipping slash command deafen. Disabled! 
16:45:49.147 DEBUG Skipping slash command disconnect. Disabled! 
16:45:49.148 DEBUG Skipping slash command move. Disabled! 
16:45:49.149 DEBUG Skipping slash command purge. Disabled! 
16:45:49.149 DEBUG Skipping slash command purgeattach. Disabled! 
16:45:49.150 DEBUG Skipping slash command purgebots. Disabled! 
16:45:49.150 DEBUG Skipping slash command purgelinks. Disabled! 
16:45:49.151 DEBUG Skipping slash command purgetoken. Disabled! 
16:45:49.151 DEBUG Skipping slash command purgeuser. Disabled! 
16:45:49.152 DEBUG Skipping command purge. Disabled! 
16:45:49.153 DEBUG Skipping command voice. Disabled! 
16:45:49.154 DEBUG Skipping slash command undeafen. Disabled! 
16:45:49.155 DEBUG Skipping slash command vmute. Disabled! 
16:45:49.156 DEBUG Skipping slash command vunmute. Disabled! 
16:45:49.158 INFO  Loaded 54 commands 
16:45:49.158 INFO  Loaded 39 slash commands 
16:45:49.158 INFO  Loading contexts... 
16:45:49.160 INFO  Loaded 2 USER contexts 
16:45:49.160 INFO  Loaded 0 MESSAGE contexts 
16:45:49.161 INFO  Loading events... 
16:45:49.182 INFO  Loaded 15 events. Success (15) Failed (0) 
16:45:49.182 INFO  Validating config.js and environment variables 
16:45:49.182 INFO  Connecting to MongoDb... 
16:45:49.996 INFO  Mongoose: Database connection established 
16:45:51.039 INFO  Logged in as ﹒xdbl.dev#5226! (758776071268859946) 
16:45:51.756 INFO  Successfully registered slash commands 
16:47:15.347 INFO  Loading commands... 
16:47:15.355 DEBUG Skipping command commission. Disabled! 
16:47:15.368 DEBUG Skipping slash command avatar. Disabled! 
16:47:15.370 DEBUG Skipping slash command botinvite. Disabled! 
16:47:15.397 DEBUG Skipping slash command botstats. Disabled! 
16:47:15.398 DEBUG Skipping slash command channelinfo. Disabled! 
16:47:15.399 DEBUG Skipping slash command emojiinfo. Disabled! 
16:47:15.400 DEBUG Skipping slash command guildinfo. Disabled! 
16:47:15.401 DEBUG Skipping slash command uptime. Disabled! 
16:47:15.402 DEBUG Skipping slash command userinfo. Disabled! 
16:47:15.404 DEBUG Skipping command bot. Disabled! 
16:47:15.405 DEBUG Skipping command info. Disabled! 
16:47:15.407 DEBUG Skipping slash command deafen. Disabled! 
16:47:15.407 DEBUG Skipping slash command disconnect. Disabled! 
16:47:15.408 DEBUG Skipping slash command move. Disabled! 
16:47:15.409 DEBUG Skipping slash command purge. Disabled! 
16:47:15.410 DEBUG Skipping slash command purgeattach. Disabled! 
16:47:15.410 DEBUG Skipping slash command purgebots. Disabled! 
16:47:15.411 DEBUG Skipping slash command purgelinks. Disabled! 
16:47:15.411 DEBUG Skipping slash command purgetoken. Disabled! 
16:47:15.411 DEBUG Skipping slash command purgeuser. Disabled! 
16:47:15.413 DEBUG Skipping command purge. Disabled! 
16:47:15.413 DEBUG Skipping command voice. Disabled! 
16:47:15.415 DEBUG Skipping slash command undeafen. Disabled! 
16:47:15.416 DEBUG Skipping slash command vmute. Disabled! 
16:47:15.416 DEBUG Skipping slash command vunmute. Disabled! 
16:47:15.418 INFO  Loaded 54 commands 
16:47:15.419 INFO  Loaded 39 slash commands 
16:47:15.419 INFO  Loading contexts... 
16:47:15.421 INFO  Loaded 2 USER contexts 
16:47:15.421 INFO  Loaded 0 MESSAGE contexts 
16:47:15.421 INFO  Loading events... 
16:47:15.441 INFO  Loaded 15 events. Success (15) Failed (0) 
16:47:15.442 INFO  Validating config.js and environment variables 
16:47:15.442 INFO  Connecting to MongoDb... 
16:47:16.115 INFO  Mongoose: Database connection established 
16:47:17.123 INFO  Logged in as ﹒xdbl.dev#5226! (758776071268859946) 
16:47:17.810 INFO  Successfully registered slash commands 
16:50:09.093 INFO  Loading commands... 
16:50:09.101 DEBUG Skipping command commission. Disabled! 
16:50:09.114 DEBUG Skipping slash command avatar. Disabled! 
16:50:09.115 DEBUG Skipping slash command botinvite. Disabled! 
16:50:09.148 DEBUG Skipping slash command botstats. Disabled! 
16:50:09.149 DEBUG Skipping slash command channelinfo. Disabled! 
16:50:09.150 DEBUG Skipping slash command emojiinfo. Disabled! 
16:50:09.151 DEBUG Skipping slash command guildinfo. Disabled! 
16:50:09.151 DEBUG Skipping slash command uptime. Disabled! 
16:50:09.152 DEBUG Skipping slash command userinfo. Disabled! 
16:50:09.155 DEBUG Skipping command bot. Disabled! 
16:50:09.156 DEBUG Skipping command info. Disabled! 
16:50:09.158 DEBUG Skipping slash command deafen. Disabled! 
16:50:09.159 DEBUG Skipping slash command disconnect. Disabled! 
16:50:09.160 DEBUG Skipping slash command move. Disabled! 
16:50:09.161 DEBUG Skipping slash command purge. Disabled! 
16:50:09.161 DEBUG Skipping slash command purgeattach. Disabled! 
16:50:09.162 DEBUG Skipping slash command purgebots. Disabled! 
16:50:09.162 DEBUG Skipping slash command purgelinks. Disabled! 
16:50:09.163 DEBUG Skipping slash command purgetoken. Disabled! 
16:50:09.163 DEBUG Skipping slash command purgeuser. Disabled! 
16:50:09.164 DEBUG Skipping command purge. Disabled! 
16:50:09.165 DEBUG Skipping command voice. Disabled! 
16:50:09.166 DEBUG Skipping slash command undeafen. Disabled! 
16:50:09.167 DEBUG Skipping slash command vmute. Disabled! 
16:50:09.168 DEBUG Skipping slash command vunmute. Disabled! 
16:50:09.170 INFO  Loaded 54 commands 
16:50:09.170 INFO  Loaded 39 slash commands 
16:50:09.171 INFO  Loading contexts... 
16:50:09.173 INFO  Loaded 2 USER contexts 
16:50:09.173 INFO  Loaded 0 MESSAGE contexts 
16:50:09.174 INFO  Loading events... 
16:50:09.195 INFO  Loaded 15 events. Success (15) Failed (0) 
16:50:09.196 INFO  Validating config.js and environment variables 
16:50:09.196 INFO  Connecting to MongoDb... 
16:50:10.109 INFO  Mongoose: Database connection established 
16:50:11.095 INFO  Logged in as ﹒xdbl.dev#5226! (758776071268859946) 
16:50:11.979 INFO  Successfully registered slash commands 
16:51:56.217 INFO  Loading commands... 
16:51:56.227 DEBUG Skipping command commission. Disabled! 
16:51:56.241 DEBUG Skipping slash command avatar. Disabled! 
16:51:56.242 DEBUG Skipping slash command botinvite. Disabled! 
16:51:56.271 DEBUG Skipping slash command botstats. Disabled! 
16:51:56.272 DEBUG Skipping slash command channelinfo. Disabled! 
16:51:56.273 DEBUG Skipping slash command emojiinfo. Disabled! 
16:51:56.274 DEBUG Skipping slash command guildinfo. Disabled! 
16:51:56.275 DEBUG Skipping slash command uptime. Disabled! 
16:51:56.275 DEBUG Skipping slash command userinfo. Disabled! 
16:51:56.278 DEBUG Skipping command bot. Disabled! 
16:51:56.278 DEBUG Skipping command info. Disabled! 
16:51:56.281 DEBUG Skipping slash command deafen. Disabled! 
16:51:56.281 DEBUG Skipping slash command disconnect. Disabled! 
16:51:56.283 DEBUG Skipping slash command move. Disabled! 
16:51:56.283 DEBUG Skipping slash command purge. Disabled! 
16:51:56.284 DEBUG Skipping slash command purgeattach. Disabled! 
16:51:56.284 DEBUG Skipping slash command purgebots. Disabled! 
16:51:56.285 DEBUG Skipping slash command purgelinks. Disabled! 
16:51:56.285 DEBUG Skipping slash command purgetoken. Disabled! 
16:51:56.285 DEBUG Skipping slash command purgeuser. Disabled! 
16:51:56.287 DEBUG Skipping command purge. Disabled! 
16:51:56.287 DEBUG Skipping command voice. Disabled! 
16:51:56.289 DEBUG Skipping slash command undeafen. Disabled! 
16:51:56.290 DEBUG Skipping slash command vmute. Disabled! 
16:51:56.290 DEBUG Skipping slash command vunmute. Disabled! 
16:51:56.292 INFO  Loaded 54 commands 
16:51:56.292 INFO  Loaded 39 slash commands 
16:51:56.292 INFO  Loading contexts... 
16:51:56.294 INFO  Loaded 2 USER contexts 
16:51:56.295 INFO  Loaded 0 MESSAGE contexts 
16:51:56.295 INFO  Loading events... 
16:51:56.317 INFO  Loaded 15 events. Success (15) Failed (0) 
16:51:56.317 INFO  Validating config.js and environment variables 
16:51:56.318 INFO  Connecting to MongoDb... 
16:51:57.088 INFO  Mongoose: Database connection established 
16:51:58.336 INFO  Logged in as ﹒xdbl.dev#5226! (758776071268859946) 
16:51:59.188 INFO  Successfully registered slash commands 
18:10:39.255 INFO  Loading commands... 
18:10:39.266 DEBUG Skipping command commission. Disabled! 
18:10:39.282 DEBUG Skipping slash command avatar. Disabled! 
18:10:39.282 DEBUG Skipping slash command botinvite. Disabled! 
18:10:39.315 DEBUG Skipping slash command botstats. Disabled! 
18:10:39.316 DEBUG Skipping slash command channelinfo. Disabled! 
18:10:39.317 DEBUG Skipping slash command emojiinfo. Disabled! 
18:10:39.318 DEBUG Skipping slash command guildinfo. Disabled! 
18:10:39.318 DEBUG Skipping slash command uptime. Disabled! 
18:10:39.319 DEBUG Skipping slash command userinfo. Disabled! 
18:10:39.322 DEBUG Skipping command bot. Disabled! 
18:10:39.322 DEBUG Skipping command info. Disabled! 
18:10:39.325 DEBUG Skipping slash command deafen. Disabled! 
18:10:39.326 DEBUG Skipping slash command disconnect. Disabled! 
18:10:39.327 DEBUG Skipping slash command move. Disabled! 
18:10:39.328 DEBUG Skipping slash command purge. Disabled! 
18:10:39.328 DEBUG Skipping slash command purgeattach. Disabled! 
18:10:39.329 DEBUG Skipping slash command purgebots. Disabled! 
18:10:39.329 DEBUG Skipping slash command purgelinks. Disabled! 
18:10:39.330 DEBUG Skipping slash command purgetoken. Disabled! 
18:10:39.330 DEBUG Skipping slash command purgeuser. Disabled! 
18:10:39.332 DEBUG Skipping command purge. Disabled! 
18:10:39.332 DEBUG Skipping command voice. Disabled! 
18:10:39.334 DEBUG Skipping slash command undeafen. Disabled! 
18:10:39.335 DEBUG Skipping slash command vmute. Disabled! 
18:10:39.335 DEBUG Skipping slash command vunmute. Disabled! 
18:10:39.337 INFO  Loaded 54 commands 
18:10:39.337 INFO  Loaded 39 slash commands 
18:10:39.338 INFO  Loading contexts... 
18:10:39.340 INFO  Loaded 2 USER contexts 
18:10:39.341 INFO  Loaded 0 MESSAGE contexts 
18:10:39.341 INFO  Loading events... 
18:10:39.365 INFO  Loaded 15 events. Success (15) Failed (0) 
18:10:39.366 INFO  Validating config.js and environment variables 
18:10:39.366 INFO  Connecting to MongoDb... 
18:10:40.193 INFO  Mongoose: Database connection established 
18:10:41.336 INFO  Logged in as ﹒xdbl.dev#5226! (758776071268859946) 
18:10:42.063 INFO  Successfully registered slash commands 
21:51:56.851 INFO  Loading commands... 
21:51:56.863 DEBUG Skipping command commission. Disabled! 
21:51:56.878 DEBUG Skipping slash command avatar. Disabled! 
21:51:56.879 DEBUG Skipping slash command botinvite. Disabled! 
21:51:56.913 DEBUG Skipping slash command botstats. Disabled! 
21:51:56.914 DEBUG Skipping slash command channelinfo. Disabled! 
21:51:56.915 DEBUG Skipping slash command emojiinfo. Disabled! 
21:51:56.916 DEBUG Skipping slash command guildinfo. Disabled! 
21:51:56.917 DEBUG Skipping slash command uptime. Disabled! 
21:51:56.918 DEBUG Skipping slash command userinfo. Disabled! 
21:51:56.920 DEBUG Skipping command bot. Disabled! 
21:51:56.920 DEBUG Skipping command info. Disabled! 
21:51:56.923 DEBUG Skipping slash command deafen. Disabled! 
21:51:56.924 DEBUG Skipping slash command disconnect. Disabled! 
21:51:56.926 DEBUG Skipping slash command move. Disabled! 
21:51:56.927 DEBUG Skipping slash command purge. Disabled! 
21:51:56.927 DEBUG Skipping slash command purgeattach. Disabled! 
21:51:56.928 DEBUG Skipping slash command purgebots. Disabled! 
21:51:56.928 DEBUG Skipping slash command purgelinks. Disabled! 
21:51:56.928 DEBUG Skipping slash command purgetoken. Disabled! 
21:51:56.929 DEBUG Skipping slash command purgeuser. Disabled! 
21:51:56.930 DEBUG Skipping command purge. Disabled! 
21:51:56.931 DEBUG Skipping command voice. Disabled! 
21:51:56.932 DEBUG Skipping slash command undeafen. Disabled! 
21:51:56.934 DEBUG Skipping slash command vmute. Disabled! 
21:51:56.934 DEBUG Skipping slash command vunmute. Disabled! 
21:51:56.936 INFO  Loaded 54 commands 
21:51:56.936 INFO  Loaded 39 slash commands 
21:51:56.936 INFO  Loading contexts... 
21:51:56.938 INFO  Loaded 2 USER contexts 
21:51:56.938 INFO  Loaded 0 MESSAGE contexts 
21:51:56.939 INFO  Loading events... 
21:51:56.962 INFO  Loaded 15 events. Success (15) Failed (0) 
21:51:56.963 INFO  Validating config.js and environment variables 
21:51:56.963 INFO  Connecting to MongoDb... 
21:51:57.814 INFO  Mongoose: Database connection established 
21:51:58.906 INFO  Logged in as ﹒xdbl.dev#5226! (758776071268859946) 
21:51:59.765 INFO  Successfully registered slash commands 
21:52:22.692 INFO  Loading commands... 
21:52:22.701 DEBUG Skipping command commission. Disabled! 
21:52:22.715 DEBUG Skipping slash command avatar. Disabled! 
21:52:22.716 DEBUG Skipping slash command botinvite. Disabled! 
21:52:22.746 DEBUG Skipping slash command botstats. Disabled! 
21:52:22.747 DEBUG Skipping slash command channelinfo. Disabled! 
21:52:22.747 DEBUG Skipping slash command emojiinfo. Disabled! 
21:52:22.748 DEBUG Skipping slash command guildinfo. Disabled! 
21:52:22.749 DEBUG Skipping slash command uptime. Disabled! 
21:52:22.750 DEBUG Skipping slash command userinfo. Disabled! 
21:52:22.752 DEBUG Skipping command bot. Disabled! 
21:52:22.752 DEBUG Skipping command info. Disabled! 
21:52:22.754 DEBUG Skipping slash command deafen. Disabled! 
21:52:22.755 DEBUG Skipping slash command disconnect. Disabled! 
21:52:22.756 DEBUG Skipping slash command move. Disabled! 
21:52:22.757 DEBUG Skipping slash command purge. Disabled! 
21:52:22.758 DEBUG Skipping slash command purgeattach. Disabled! 
21:52:22.758 DEBUG Skipping slash command purgebots. Disabled! 
21:52:22.758 DEBUG Skipping slash command purgelinks. Disabled! 
21:52:22.759 DEBUG Skipping slash command purgetoken. Disabled! 
21:52:22.759 DEBUG Skipping slash command purgeuser. Disabled! 
21:52:22.761 DEBUG Skipping command purge. Disabled! 
21:52:22.761 DEBUG Skipping command voice. Disabled! 
21:52:22.763 DEBUG Skipping slash command undeafen. Disabled! 
21:52:22.764 DEBUG Skipping slash command vmute. Disabled! 
21:52:22.764 DEBUG Skipping slash command vunmute. Disabled! 
21:52:22.766 INFO  Loaded 54 commands 
21:52:22.766 INFO  Loaded 39 slash commands 
21:52:22.767 INFO  Loading contexts... 
21:52:22.768 INFO  Loaded 2 USER contexts 
21:52:22.768 INFO  Loaded 0 MESSAGE contexts 
21:52:22.769 INFO  Loading events... 
21:52:22.820 INFO  Loaded 15 events. Success (15) Failed (0) 
21:52:22.821 INFO  Validating config.js and environment variables 
21:52:22.821 INFO  Connecting to MongoDb... 
21:52:23.562 INFO  Mongoose: Database connection established 
21:52:24.604 INFO  Logged in as ﹒xdbl.dev#5226! (758776071268859946) 
21:52:25.269 INFO  Successfully registered slash commands 

