12:30:52.492 INFO  Loading commands... 
12:30:52.508 DEBUG Skipping command commission. Disabled! 
12:30:52.530 DEBUG Skipping slash command avatar. Disabled! 
12:30:52.532 DEBUG Skipping slash command botinvite. Disabled! 
12:30:52.583 DEBUG Skipping slash command botstats. Disabled! 
12:30:52.585 DEBUG Skipping slash command channelinfo. Disabled! 
12:30:52.586 DEBUG Skipping slash command emojiinfo. Disabled! 
12:30:52.587 DEBUG Skipping slash command guildinfo. Disabled! 
12:30:52.588 DEBUG Skipping slash command uptime. Disabled! 
12:30:52.589 DEBUG Skipping slash command userinfo. Disabled! 
12:30:52.592 DEBUG Skipping command bot. Disabled! 
12:30:52.593 DEBUG Skipping command info. Disabled! 
12:30:52.597 DEBUG Skipping slash command deafen. Disabled! 
12:30:52.598 DEBUG Skipping slash command disconnect. Disabled! 
12:30:52.600 DEBUG Skipping slash command move. Disabled! 
12:30:52.601 DEBUG Skipping slash command purge. Disabled! 
12:30:52.602 DEBUG Skipping slash command purgeattach. Disabled! 
12:30:52.602 DEBUG Skipping slash command purgebots. Disabled! 
12:30:52.603 DEBUG Skipping slash command purgelinks. Disabled! 
12:30:52.603 DEBUG Skipping slash command purgetoken. Disabled! 
12:30:52.604 DEBUG Skipping slash command purgeuser. Disabled! 
12:30:52.607 DEBUG Skipping command purge. Disabled! 
12:30:52.607 DEBUG Skipping command voice. Disabled! 
12:30:52.609 DEBUG Skipping slash command undeafen. Disabled! 
12:30:52.611 DEBUG Skipping slash command vmute. Disabled! 
12:30:52.611 DEBUG Skipping slash command vunmute. Disabled! 
12:30:52.614 INFO  Loaded 54 commands 
12:30:52.614 INFO  Loaded 39 slash commands 
12:30:52.614 INFO  Loading contexts... 
12:30:52.616 INFO  Loaded 2 USER contexts 
12:30:52.617 INFO  Loaded 0 MESSAGE contexts 
12:30:52.617 INFO  Loading events... 
12:30:52.651 INFO  Loaded 15 events. Success (15) Failed (0) 
12:30:52.651 INFO  Validating config.js and environment variables 
12:30:52.651 INFO  Connecting to MongoDb... 
12:30:53.462 INFO  Mongoose: Database connection established 
12:30:54.650 INFO  Logged in as ﹒xdbl.dev#5226! (758776071268859946) 
12:30:55.455 INFO  Successfully registered slash commands 
17:46:02.624 INFO  Loading commands... 
17:46:02.633 DEBUG Skipping command commission. Disabled! 
17:46:02.646 DEBUG Skipping slash command avatar. Disabled! 
17:46:02.647 DEBUG Skipping slash command botinvite. Disabled! 
17:46:02.674 DEBUG Skipping slash command botstats. Disabled! 
17:46:02.675 DEBUG Skipping slash command channelinfo. Disabled! 
17:46:02.676 DEBUG Skipping slash command emojiinfo. Disabled! 
17:46:02.677 DEBUG Skipping slash command guildinfo. Disabled! 
17:46:02.677 DEBUG Skipping slash command uptime. Disabled! 
17:46:02.678 DEBUG Skipping slash command userinfo. Disabled! 
17:46:02.680 DEBUG Skipping command bot. Disabled! 
17:46:02.681 DEBUG Skipping command info. Disabled! 
17:46:02.683 DEBUG Skipping slash command deafen. Disabled! 
17:46:02.683 DEBUG Skipping slash command disconnect. Disabled! 
17:46:02.685 DEBUG Skipping slash command move. Disabled! 
17:46:02.685 DEBUG Skipping slash command purge. Disabled! 
17:46:02.686 DEBUG Skipping slash command purgeattach. Disabled! 
17:46:02.686 DEBUG Skipping slash command purgebots. Disabled! 
17:46:02.687 DEBUG Skipping slash command purgelinks. Disabled! 
17:46:02.687 DEBUG Skipping slash command purgetoken. Disabled! 
17:46:02.688 DEBUG Skipping slash command purgeuser. Disabled! 
17:46:02.689 DEBUG Skipping command purge. Disabled! 
17:46:02.690 DEBUG Skipping command voice. Disabled! 
17:46:02.691 DEBUG Skipping slash command undeafen. Disabled! 
17:46:02.692 DEBUG Skipping slash command vmute. Disabled! 
17:46:02.692 DEBUG Skipping slash command vunmute. Disabled! 
17:46:02.694 INFO  Loaded 54 commands 
17:46:02.694 INFO  Loaded 39 slash commands 
17:46:02.694 INFO  Loading contexts... 
17:46:02.696 INFO  Loaded 2 USER contexts 
17:46:02.696 INFO  Loaded 0 MESSAGE contexts 
17:46:02.696 INFO  Loading events... 
17:46:02.716 INFO  Loaded 15 events. Success (15) Failed (0) 
17:46:02.717 INFO  Validating config.js and environment variables 
17:46:02.717 INFO  Connecting to MongoDb... 
17:46:03.609 INFO  Mongoose: Database connection established 
17:46:04.816 INFO  Logged in as ﹒xdbl.dev#5226! (758776071268859946) 
17:46:05.791 INFO  Successfully registered slash commands 

